[2025-06-05T09:22:48.937+0000] {local_task_job_runner.py:120} INFO - ::group::Pre task execution logs
[2025-06-05T09:22:48.978+0000] {taskinstance.py:2076} INFO - Dependencies all met for dep_context=non-requeueable deps ti=<TaskInstance: daily_batch_processing.run_spark_daily_batch_job manual__2025-06-05T09:22:47.574391+00:00 [queued]>
[2025-06-05T09:22:48.991+0000] {taskinstance.py:2076} INFO - Dependencies all met for dep_context=requeueable deps ti=<TaskInstance: daily_batch_processing.run_spark_daily_batch_job manual__2025-06-05T09:22:47.574391+00:00 [queued]>
[2025-06-05T09:22:48.991+0000] {taskinstance.py:2306} INFO - Starting attempt 1 of 1
[2025-06-05T09:22:49.016+0000] {taskinstance.py:2330} INFO - Executing <Task(BashOperator): run_spark_daily_batch_job> on 2025-06-05 09:22:47.574391+00:00
[2025-06-05T09:22:49.025+0000] {standard_task_runner.py:63} INFO - Started process 360 to run task
[2025-06-05T09:22:49.027+0000] {standard_task_runner.py:90} INFO - Running: ['***', 'tasks', 'run', 'daily_batch_processing', 'run_spark_daily_batch_job', 'manual__2025-06-05T09:22:47.574391+00:00', '--job-id', '5', '--raw', '--subdir', 'DAGS_FOLDER/orchestrate_daily_data_refinement.py', '--cfg-path', '/tmp/tmpkr3de7du']
[2025-06-05T09:22:49.033+0000] {standard_task_runner.py:91} INFO - Job 5: Subtask run_spark_daily_batch_job
[2025-06-05T09:22:49.107+0000] {task_command.py:426} INFO - Running <TaskInstance: daily_batch_processing.run_spark_daily_batch_job manual__2025-06-05T09:22:47.574391+00:00 [running]> on host 1155d5fd4caa
[2025-06-05T09:22:49.247+0000] {taskinstance.py:2648} INFO - Exporting env vars: AIRFLOW_CTX_DAG_OWNER='***' AIRFLOW_CTX_DAG_ID='daily_batch_processing' AIRFLOW_CTX_TASK_ID='run_spark_daily_batch_job' AIRFLOW_CTX_EXECUTION_DATE='2025-06-05T09:22:47.574391+00:00' AIRFLOW_CTX_TRY_NUMBER='1' AIRFLOW_CTX_DAG_RUN_ID='manual__2025-06-05T09:22:47.574391+00:00'
[2025-06-05T09:22:49.249+0000] {taskinstance.py:430} INFO - ::endgroup::
[2025-06-05T09:22:49.298+0000] {subprocess.py:63} INFO - Tmp dir root location: /tmp
[2025-06-05T09:22:49.298+0000] {subprocess.py:75} INFO - Running command: ['/usr/bin/bash', '-c', '\n            set -e\n            /opt/spark/bin/spark-submit                 --master spark://spark-master:7077                 --conf spark.hadoop.fs.s3a.endpoint=http://minio:9000                 --conf spark.hadoop.fs.s3a.access.key=minioadmin                 --conf spark.hadoop.fs.s3a.secret.key=minioadmin                 --conf spark.hadoop.fs.s3a.path.style.access=true                 --conf spark.hadoop.fs.s3a.impl=org.apache.hadoop.fs.s3a.S3AFileSystem                 --packages org.apache.spark:spark-sql-kafka-0-10_2.12:3.5.0 \\ # Оставляем пакеты, которые не являются прямыми JAR-файлами\n                /opt/***/etl/batch/refine_and_backfill_iceberg.py \n        ']
[2025-06-05T09:22:49.319+0000] {subprocess.py:86} INFO - Output:
[2025-06-05T09:22:53.822+0000] {subprocess.py:93} INFO - :: loading settings :: url = jar:file:/opt/spark/jars/ivy-2.5.1.jar!/org/apache/ivy/core/settings/ivysettings.xml
[2025-06-05T09:22:54.023+0000] {subprocess.py:93} INFO - Ivy Default Cache set to: /home/***/.ivy2/cache
[2025-06-05T09:22:54.024+0000] {subprocess.py:93} INFO - The jars for the packages stored in: /home/***/.ivy2/jars
[2025-06-05T09:22:54.041+0000] {subprocess.py:93} INFO - org.apache.spark#spark-sql-kafka-0-10_2.12 added as a dependency
[2025-06-05T09:22:54.048+0000] {subprocess.py:93} INFO - :: resolving dependencies :: org.apache.spark#spark-submit-parent-d33cfb82-6d77-4866-8543-73a4afeaf124;1.0
[2025-06-05T09:22:54.049+0000] {subprocess.py:93} INFO - 	confs: [default]
[2025-06-05T09:22:57.037+0000] {subprocess.py:93} INFO - :: resolution report :: resolve 2987ms :: artifacts dl 0ms
[2025-06-05T09:22:57.038+0000] {subprocess.py:93} INFO - 	:: modules in use:
[2025-06-05T09:22:57.038+0000] {subprocess.py:93} INFO - 	---------------------------------------------------------------------
[2025-06-05T09:22:57.038+0000] {subprocess.py:93} INFO - 	|                  |            modules            ||   artifacts   |
[2025-06-05T09:22:57.038+0000] {subprocess.py:93} INFO - 	|       conf       | number| search|dwnlded|evicted|| number|dwnlded|
[2025-06-05T09:22:57.038+0000] {subprocess.py:93} INFO - 	---------------------------------------------------------------------
[2025-06-05T09:22:57.038+0000] {subprocess.py:93} INFO - 	|      default     |   1   |   0   |   0   |   0   ||   0   |   0   |
[2025-06-05T09:22:57.038+0000] {subprocess.py:93} INFO - 	---------------------------------------------------------------------
[2025-06-05T09:22:57.042+0000] {subprocess.py:93} INFO - 
[2025-06-05T09:22:57.046+0000] {subprocess.py:93} INFO - :: problems summary ::
[2025-06-05T09:22:57.047+0000] {subprocess.py:93} INFO - :::: WARNINGS
[2025-06-05T09:22:57.047+0000] {subprocess.py:93} INFO - 	problem while downloading module descriptor: https://repo1.maven.org/maven2/org/apache/spark/spark-sql-kafka-0-10_2.12/3.5.0/spark-sql-kafka-0-10_2.12-3.5.0.pom: Downloaded file size (0) doesn't match expected Content Length (14867) for https://repo1.maven.org/maven2/org/apache/spark/spark-sql-kafka-0-10_2.12/3.5.0/spark-sql-kafka-0-10_2.12-3.5.0.pom. Please retry. (212ms)
[2025-06-05T09:22:57.047+0000] {subprocess.py:93} INFO - 
[2025-06-05T09:22:57.047+0000] {subprocess.py:93} INFO - 		module not found: org.apache.spark#spark-sql-kafka-0-10_2.12;3.5.0
[2025-06-05T09:22:57.048+0000] {subprocess.py:93} INFO - 
[2025-06-05T09:22:57.048+0000] {subprocess.py:93} INFO - 	==== local-m2-cache: tried
[2025-06-05T09:22:57.048+0000] {subprocess.py:93} INFO - 
[2025-06-05T09:22:57.049+0000] {subprocess.py:93} INFO - 	  file:/home/***/.m2/repository/org/apache/spark/spark-sql-kafka-0-10_2.12/3.5.0/spark-sql-kafka-0-10_2.12-3.5.0.pom
[2025-06-05T09:22:57.049+0000] {subprocess.py:93} INFO - 
[2025-06-05T09:22:57.049+0000] {subprocess.py:93} INFO - 	  -- artifact org.apache.spark#spark-sql-kafka-0-10_2.12;3.5.0!spark-sql-kafka-0-10_2.12.jar:
[2025-06-05T09:22:57.049+0000] {subprocess.py:93} INFO - 
[2025-06-05T09:22:57.051+0000] {subprocess.py:93} INFO - 	  file:/home/***/.m2/repository/org/apache/spark/spark-sql-kafka-0-10_2.12/3.5.0/spark-sql-kafka-0-10_2.12-3.5.0.jar
[2025-06-05T09:22:57.051+0000] {subprocess.py:93} INFO - 
[2025-06-05T09:22:57.051+0000] {subprocess.py:93} INFO - 	==== local-ivy-cache: tried
[2025-06-05T09:22:57.051+0000] {subprocess.py:93} INFO - 
[2025-06-05T09:22:57.051+0000] {subprocess.py:93} INFO - 	  /home/***/.ivy2/local/org.apache.spark/spark-sql-kafka-0-10_2.12/3.5.0/ivys/ivy.xml
[2025-06-05T09:22:57.051+0000] {subprocess.py:93} INFO - 
[2025-06-05T09:22:57.052+0000] {subprocess.py:93} INFO - 	  -- artifact org.apache.spark#spark-sql-kafka-0-10_2.12;3.5.0!spark-sql-kafka-0-10_2.12.jar:
[2025-06-05T09:22:57.053+0000] {subprocess.py:93} INFO - 
[2025-06-05T09:22:57.053+0000] {subprocess.py:93} INFO - 	  /home/***/.ivy2/local/org.apache.spark/spark-sql-kafka-0-10_2.12/3.5.0/jars/spark-sql-kafka-0-10_2.12.jar
[2025-06-05T09:22:57.053+0000] {subprocess.py:93} INFO - 
[2025-06-05T09:22:57.053+0000] {subprocess.py:93} INFO - 	==== central: tried
[2025-06-05T09:22:57.054+0000] {subprocess.py:93} INFO - 
[2025-06-05T09:22:57.054+0000] {subprocess.py:93} INFO - 	  https://repo1.maven.org/maven2/org/apache/spark/spark-sql-kafka-0-10_2.12/3.5.0/spark-sql-kafka-0-10_2.12-3.5.0.pom
[2025-06-05T09:22:57.054+0000] {subprocess.py:93} INFO - 
[2025-06-05T09:22:57.054+0000] {subprocess.py:93} INFO - 	==== spark-packages: tried
[2025-06-05T09:22:57.054+0000] {subprocess.py:93} INFO - 
[2025-06-05T09:22:57.054+0000] {subprocess.py:93} INFO - 	  https://repos.spark-packages.org/org/apache/spark/spark-sql-kafka-0-10_2.12/3.5.0/spark-sql-kafka-0-10_2.12-3.5.0.pom
[2025-06-05T09:22:57.054+0000] {subprocess.py:93} INFO - 
[2025-06-05T09:22:57.055+0000] {subprocess.py:93} INFO - 	  -- artifact org.apache.spark#spark-sql-kafka-0-10_2.12;3.5.0!spark-sql-kafka-0-10_2.12.jar:
[2025-06-05T09:22:57.055+0000] {subprocess.py:93} INFO - 
[2025-06-05T09:22:57.055+0000] {subprocess.py:93} INFO - 	  https://repos.spark-packages.org/org/apache/spark/spark-sql-kafka-0-10_2.12/3.5.0/spark-sql-kafka-0-10_2.12-3.5.0.jar
[2025-06-05T09:22:57.055+0000] {subprocess.py:93} INFO - 
[2025-06-05T09:22:57.055+0000] {subprocess.py:93} INFO - 		::::::::::::::::::::::::::::::::::::::::::::::
[2025-06-05T09:22:57.055+0000] {subprocess.py:93} INFO - 
[2025-06-05T09:22:57.055+0000] {subprocess.py:93} INFO - 		::          UNRESOLVED DEPENDENCIES         ::
[2025-06-05T09:22:57.055+0000] {subprocess.py:93} INFO - 
[2025-06-05T09:22:57.056+0000] {subprocess.py:93} INFO - 		::::::::::::::::::::::::::::::::::::::::::::::
[2025-06-05T09:22:57.056+0000] {subprocess.py:93} INFO - 
[2025-06-05T09:22:57.056+0000] {subprocess.py:93} INFO - 		:: org.apache.spark#spark-sql-kafka-0-10_2.12;3.5.0: not found
[2025-06-05T09:22:57.056+0000] {subprocess.py:93} INFO - 
[2025-06-05T09:22:57.056+0000] {subprocess.py:93} INFO - 		::::::::::::::::::::::::::::::::::::::::::::::
[2025-06-05T09:22:57.056+0000] {subprocess.py:93} INFO - 
[2025-06-05T09:22:57.056+0000] {subprocess.py:93} INFO - 
[2025-06-05T09:22:57.056+0000] {subprocess.py:93} INFO - 
[2025-06-05T09:22:57.056+0000] {subprocess.py:93} INFO - :: USE VERBOSE OR DEBUG MESSAGE LEVEL FOR MORE DETAILS
[2025-06-05T09:22:57.057+0000] {subprocess.py:93} INFO - Exception in thread "main" java.lang.RuntimeException: [unresolved dependency: org.apache.spark#spark-sql-kafka-0-10_2.12;3.5.0: not found]
[2025-06-05T09:22:57.058+0000] {subprocess.py:93} INFO - 	at org.apache.spark.deploy.SparkSubmitUtils$.resolveMavenCoordinates(SparkSubmit.scala:1537)
[2025-06-05T09:22:57.058+0000] {subprocess.py:93} INFO - 	at org.apache.spark.util.DependencyUtils$.resolveMavenDependencies(DependencyUtils.scala:185)
[2025-06-05T09:22:57.058+0000] {subprocess.py:93} INFO - 	at org.apache.spark.deploy.SparkSubmit.prepareSubmitEnvironment(SparkSubmit.scala:334)
[2025-06-05T09:22:57.059+0000] {subprocess.py:93} INFO - 	at org.apache.spark.deploy.SparkSubmit.org$apache$spark$deploy$SparkSubmit$$runMain(SparkSubmit.scala:964)
[2025-06-05T09:22:57.059+0000] {subprocess.py:93} INFO - 	at org.apache.spark.deploy.SparkSubmit.doRunMain$1(SparkSubmit.scala:194)
[2025-06-05T09:22:57.059+0000] {subprocess.py:93} INFO - 	at org.apache.spark.deploy.SparkSubmit.submit(SparkSubmit.scala:217)
[2025-06-05T09:22:57.059+0000] {subprocess.py:93} INFO - 	at org.apache.spark.deploy.SparkSubmit.doSubmit(SparkSubmit.scala:91)
[2025-06-05T09:22:57.059+0000] {subprocess.py:93} INFO - 	at org.apache.spark.deploy.SparkSubmit$$anon$2.doSubmit(SparkSubmit.scala:1120)
[2025-06-05T09:22:57.059+0000] {subprocess.py:93} INFO - 	at org.apache.spark.deploy.SparkSubmit$.main(SparkSubmit.scala:1129)
[2025-06-05T09:22:57.059+0000] {subprocess.py:93} INFO - 	at org.apache.spark.deploy.SparkSubmit.main(SparkSubmit.scala)
[2025-06-05T09:22:57.093+0000] {subprocess.py:97} INFO - Command exited with return code 1
[2025-06-05T09:22:57.094+0000] {taskinstance.py:441} INFO - ::group::Post task execution logs
[2025-06-05T09:22:57.111+0000] {taskinstance.py:2905} ERROR - Task failed with exception
Traceback (most recent call last):
  File "/home/airflow/.local/lib/python3.9/site-packages/airflow/models/taskinstance.py", line 465, in _execute_task
    result = _execute_callable(context=context, **execute_callable_kwargs)
  File "/home/airflow/.local/lib/python3.9/site-packages/airflow/models/taskinstance.py", line 432, in _execute_callable
    return execute_callable(context=context, **execute_callable_kwargs)
  File "/home/airflow/.local/lib/python3.9/site-packages/airflow/models/baseoperator.py", line 401, in wrapper
    return func(self, *args, **kwargs)
  File "/home/airflow/.local/lib/python3.9/site-packages/airflow/operators/bash.py", line 243, in execute
    raise AirflowException(
airflow.exceptions.AirflowException: Bash command failed. The command returned a non-zero exit code 1.
[2025-06-05T09:22:57.117+0000] {taskinstance.py:1206} INFO - Marking task as FAILED. dag_id=daily_batch_processing, task_id=run_spark_daily_batch_job, run_id=manual__2025-06-05T09:22:47.574391+00:00, execution_date=20250605T092247, start_date=20250605T092248, end_date=20250605T092257
[2025-06-05T09:22:57.141+0000] {standard_task_runner.py:110} ERROR - Failed to execute job 5 for task run_spark_daily_batch_job (Bash command failed. The command returned a non-zero exit code 1.; 360)
[2025-06-05T09:22:57.155+0000] {local_task_job_runner.py:240} INFO - Task exited with return code 1
[2025-06-05T09:22:57.172+0000] {taskinstance.py:3503} INFO - 0 downstream tasks scheduled from follow-on schedule check
[2025-06-05T09:22:57.177+0000] {local_task_job_runner.py:222} INFO - ::endgroup::
