[2025-06-04T20:58:59.114+0000] {local_task_job_runner.py:120} INFO - ::group::Pre task execution logs
[2025-06-04T20:58:59.173+0000] {taskinstance.py:2076} INFO - Dependencies all met for dep_context=non-requeueable deps ti=<TaskInstance: realtime_spark_pipeline.run_spark_streaming_job manual__2025-06-04T20:58:58.663205+00:00 [queued]>
[2025-06-04T20:58:59.191+0000] {taskinstance.py:2076} INFO - Dependencies all met for dep_context=requeueable deps ti=<TaskInstance: realtime_spark_pipeline.run_spark_streaming_job manual__2025-06-04T20:58:58.663205+00:00 [queued]>
[2025-06-04T20:58:59.191+0000] {taskinstance.py:2306} INFO - Starting attempt 1 of 1
[2025-06-04T20:58:59.218+0000] {taskinstance.py:2330} INFO - Executing <Task(SparkSubmitOperator): run_spark_streaming_job> on 2025-06-04 20:58:58.663205+00:00
[2025-06-04T20:58:59.228+0000] {standard_task_runner.py:63} INFO - Started process 244 to run task
[2025-06-04T20:58:59.232+0000] {standard_task_runner.py:90} INFO - Running: ['***', 'tasks', 'run', 'realtime_spark_pipeline', 'run_spark_streaming_job', 'manual__2025-06-04T20:58:58.663205+00:00', '--job-id', '10', '--raw', '--subdir', 'DAGS_FOLDER/realtime_spark_pipeline.py', '--cfg-path', '/tmp/tmpiip4869_']
[2025-06-04T20:58:59.235+0000] {standard_task_runner.py:91} INFO - Job 10: Subtask run_spark_streaming_job
[2025-06-04T20:58:59.308+0000] {task_command.py:426} INFO - Running <TaskInstance: realtime_spark_pipeline.run_spark_streaming_job manual__2025-06-04T20:58:58.663205+00:00 [running]> on host bf9c4b973eea
[2025-06-04T20:58:59.436+0000] {taskinstance.py:2648} INFO - Exporting env vars: AIRFLOW_CTX_DAG_OWNER='***' AIRFLOW_CTX_DAG_ID='realtime_spark_pipeline' AIRFLOW_CTX_TASK_ID='run_spark_streaming_job' AIRFLOW_CTX_EXECUTION_DATE='2025-06-04T20:58:58.663205+00:00' AIRFLOW_CTX_TRY_NUMBER='1' AIRFLOW_CTX_DAG_RUN_ID='manual__2025-06-04T20:58:58.663205+00:00'
[2025-06-04T20:58:59.437+0000] {taskinstance.py:430} INFO - ::endgroup::
[2025-06-04T20:58:59.465+0000] {base.py:84} INFO - Using connection ID 'spark_default' for task execution.
[2025-06-04T20:58:59.468+0000] {spark_submit.py:401} INFO - Spark-Submit cmd: spark-submit --master spark-master:7077 --conf spark.hadoop.fs.s3a.endpoint=http://minio:9000 --conf spark.hadoop.fs.s3a.access.key=minioadmin --conf spark.hadoop.fs.s3a.secret.key=****** --conf spark.hadoop.fs.s3a.path.style.access=true --conf spark.hadoop.fs.s3a.impl=org.apache.hadoop.fs.s3a.S3AFileSystem --packages org.apache.spark:spark-sql-kafka-0-10_2.12:3.5.0,org.apache.hadoop:hadoop-aws:3.3.4,org.apache.iceberg:iceberg-spark-runtime-3.5_2.12:1.4.0 --name arrow-spark /opt/***/spark_scripts/main.py
[2025-06-04T20:59:01.894+0000] {spark_submit.py:571} INFO - :: loading settings :: url = jar:file:/opt/spark/jars/ivy-2.5.1.jar!/org/apache/ivy/core/settings/ivysettings.xml
[2025-06-04T20:59:02.004+0000] {spark_submit.py:571} INFO - Ivy Default Cache set to: /home/***/.ivy2/cache
[2025-06-04T20:59:02.004+0000] {spark_submit.py:571} INFO - The jars for the packages stored in: /home/***/.ivy2/jars
[2025-06-04T20:59:02.014+0000] {spark_submit.py:571} INFO - org.apache.spark#spark-sql-kafka-0-10_2.12 added as a dependency
[2025-06-04T20:59:02.014+0000] {spark_submit.py:571} INFO - org.apache.hadoop#hadoop-aws added as a dependency
[2025-06-04T20:59:02.015+0000] {spark_submit.py:571} INFO - org.apache.iceberg#iceberg-spark-runtime-3.5_2.12 added as a dependency
[2025-06-04T20:59:02.016+0000] {spark_submit.py:571} INFO - :: resolving dependencies :: org.apache.spark#spark-submit-parent-a5ec6d00-7fa5-477f-bec7-0c9baae275dd;1.0
[2025-06-04T20:59:02.017+0000] {spark_submit.py:571} INFO - confs: [default]
[2025-06-04T20:59:02.290+0000] {spark_submit.py:571} INFO - found org.apache.spark#spark-sql-kafka-0-10_2.12;3.5.0 in central
[2025-06-04T20:59:03.100+0000] {spark_submit.py:571} INFO - found org.apache.spark#spark-token-provider-kafka-0-10_2.12;3.5.0 in central
[2025-06-04T20:59:03.131+0000] {spark_submit.py:571} INFO - found org.apache.kafka#kafka-clients;3.4.1 in central
[2025-06-04T20:59:03.158+0000] {spark_submit.py:571} INFO - found org.lz4#lz4-java;1.8.0 in central
[2025-06-04T20:59:03.274+0000] {spark_submit.py:571} INFO - found org.xerial.snappy#snappy-java;1.1.10.3 in central
[2025-06-04T20:59:04.030+0000] {spark_submit.py:571} INFO - found org.slf4j#slf4j-api;2.0.7 in central
[2025-06-04T20:59:05.672+0000] {spark_submit.py:571} INFO - found org.apache.hadoop#hadoop-client-runtime;3.3.4 in central
[2025-06-04T20:59:05.950+0000] {spark_submit.py:571} INFO - found org.apache.hadoop#hadoop-client-api;3.3.4 in central
[2025-06-04T20:59:07.415+0000] {spark_submit.py:571} INFO - found commons-logging#commons-logging;1.1.3 in central
[2025-06-04T20:59:09.929+0000] {spark_submit.py:571} INFO - found org.apache.commons#commons-pool2;2.11.1 in central
[2025-06-04T20:59:09.948+0000] {spark_submit.py:571} INFO - found org.apache.hadoop#hadoop-aws;3.3.4 in central
[2025-06-04T20:59:10.483+0000] {spark_submit.py:571} INFO - found com.amazonaws#aws-java-sdk-bundle;1.12.262 in central
[2025-06-04T20:59:15.000+0000] {spark_submit.py:571} INFO - downloading https://repo1.maven.org/maven2/org/apache/spark/spark-sql-kafka-0-10_2.12/3.5.0/spark-sql-kafka-0-10_2.12-3.5.0.jar ...
[2025-06-04T20:59:16.245+0000] {spark_submit.py:571} INFO - [SUCCESSFUL ] org.apache.spark#spark-sql-kafka-0-10_2.12;3.5.0!spark-sql-kafka-0-10_2.12.jar (1348ms)
[2025-06-04T20:59:16.426+0000] {spark_submit.py:571} INFO - downloading https://repo1.maven.org/maven2/org/apache/hadoop/hadoop-aws/3.3.4/hadoop-aws-3.3.4.jar ...
[2025-06-04T20:59:17.153+0000] {spark_submit.py:571} INFO - [SUCCESSFUL ] org.apache.hadoop#hadoop-aws;3.3.4!hadoop-aws.jar (907ms)
[2025-06-04T20:59:17.230+0000] {spark_submit.py:571} INFO - downloading https://repo1.maven.org/maven2/org/apache/spark/spark-token-provider-kafka-0-10_2.12/3.5.0/spark-token-provider-kafka-0-10_2.12-3.5.0.jar ...
[2025-06-04T20:59:17.334+0000] {spark_submit.py:571} INFO - [SUCCESSFUL ] org.apache.spark#spark-token-provider-kafka-0-10_2.12;3.5.0!spark-token-provider-kafka-0-10_2.12.jar (179ms)
[2025-06-04T20:59:17.423+0000] {spark_submit.py:571} INFO - downloading https://repo1.maven.org/maven2/org/apache/kafka/kafka-clients/3.4.1/kafka-clients-3.4.1.jar ...
[2025-06-04T20:59:20.080+0000] {spark_submit.py:571} INFO - [SUCCESSFUL ] org.apache.kafka#kafka-clients;3.4.1!kafka-clients.jar (2746ms)
[2025-06-04T20:59:20.162+0000] {spark_submit.py:571} INFO - downloading https://repo1.maven.org/maven2/org/apache/commons/commons-pool2/2.11.1/commons-pool2-2.11.1.jar ...
[2025-06-04T20:59:20.307+0000] {spark_submit.py:571} INFO - [SUCCESSFUL ] org.apache.commons#commons-pool2;2.11.1!commons-pool2.jar (226ms)
[2025-06-04T20:59:20.386+0000] {spark_submit.py:571} INFO - downloading https://repo1.maven.org/maven2/org/apache/hadoop/hadoop-client-runtime/3.3.4/hadoop-client-runtime-3.3.4.jar ...
[2025-06-04T20:59:45.292+0000] {spark_submit.py:571} INFO - [SUCCESSFUL ] org.apache.hadoop#hadoop-client-runtime;3.3.4!hadoop-client-runtime.jar (24983ms)
[2025-06-04T20:59:45.389+0000] {spark_submit.py:571} INFO - downloading https://repo1.maven.org/maven2/org/lz4/lz4-java/1.8.0/lz4-java-1.8.0.jar ...
[2025-06-04T20:59:45.984+0000] {spark_submit.py:571} INFO - [SUCCESSFUL ] org.lz4#lz4-java;1.8.0!lz4-java.jar (692ms)
[2025-06-04T20:59:46.078+0000] {spark_submit.py:571} INFO - downloading https://repo1.maven.org/maven2/org/xerial/snappy/snappy-java/1.1.10.3/snappy-java-1.1.10.3.jar ...
[2025-06-04T20:59:47.879+0000] {spark_submit.py:571} INFO - [SUCCESSFUL ] org.xerial.snappy#snappy-java;1.1.10.3!snappy-java.jar(bundle) (1894ms)
[2025-06-04T20:59:47.968+0000] {spark_submit.py:571} INFO - downloading https://repo1.maven.org/maven2/org/slf4j/slf4j-api/2.0.7/slf4j-api-2.0.7.jar ...
[2025-06-04T20:59:48.083+0000] {spark_submit.py:571} INFO - [SUCCESSFUL ] org.slf4j#slf4j-api;2.0.7!slf4j-api.jar (202ms)
[2025-06-04T20:59:48.159+0000] {spark_submit.py:571} INFO - downloading https://repo1.maven.org/maven2/org/apache/hadoop/hadoop-client-api/3.3.4/hadoop-client-api-3.3.4.jar ...
[2025-06-04T21:00:02.567+0000] {spark_submit.py:571} INFO - [SUCCESSFUL ] org.apache.hadoop#hadoop-client-api;3.3.4!hadoop-client-api.jar (14483ms)
[2025-06-04T21:00:02.647+0000] {spark_submit.py:571} INFO - downloading https://repo1.maven.org/maven2/commons-logging/commons-logging/1.1.3/commons-logging-1.1.3.jar ...
[2025-06-04T21:00:02.759+0000] {spark_submit.py:571} INFO - [SUCCESSFUL ] commons-logging#commons-logging;1.1.3!commons-logging.jar (191ms)
[2025-06-04T21:00:02.839+0000] {spark_submit.py:571} INFO - downloading https://repo1.maven.org/maven2/com/amazonaws/aws-java-sdk-bundle/1.12.262/aws-java-sdk-bundle-1.12.262.jar ...
[2025-06-04T21:03:06.997+0000] {spark_submit.py:571} INFO - [SUCCESSFUL ] com.amazonaws#aws-java-sdk-bundle;1.12.262!aws-java-sdk-bundle.jar (184237ms)
[2025-06-04T21:03:06.998+0000] {spark_submit.py:571} INFO - :: resolution report :: resolve 12880ms :: artifacts dl 232102ms
[2025-06-04T21:03:06.998+0000] {spark_submit.py:571} INFO - :: modules in use:
[2025-06-04T21:03:06.998+0000] {spark_submit.py:571} INFO - com.amazonaws#aws-java-sdk-bundle;1.12.262 from central in [default]
[2025-06-04T21:03:06.999+0000] {spark_submit.py:571} INFO - commons-logging#commons-logging;1.1.3 from central in [default]
[2025-06-04T21:03:06.999+0000] {spark_submit.py:571} INFO - org.apache.commons#commons-pool2;2.11.1 from central in [default]
[2025-06-04T21:03:06.999+0000] {spark_submit.py:571} INFO - org.apache.hadoop#hadoop-aws;3.3.4 from central in [default]
[2025-06-04T21:03:06.999+0000] {spark_submit.py:571} INFO - org.apache.hadoop#hadoop-client-api;3.3.4 from central in [default]
[2025-06-04T21:03:06.999+0000] {spark_submit.py:571} INFO - org.apache.hadoop#hadoop-client-runtime;3.3.4 from central in [default]
[2025-06-04T21:03:07.000+0000] {spark_submit.py:571} INFO - org.apache.kafka#kafka-clients;3.4.1 from central in [default]
[2025-06-04T21:03:07.000+0000] {spark_submit.py:571} INFO - org.apache.spark#spark-sql-kafka-0-10_2.12;3.5.0 from central in [default]
[2025-06-04T21:03:07.000+0000] {spark_submit.py:571} INFO - org.apache.spark#spark-token-provider-kafka-0-10_2.12;3.5.0 from central in [default]
[2025-06-04T21:03:07.001+0000] {spark_submit.py:571} INFO - org.lz4#lz4-java;1.8.0 from central in [default]
[2025-06-04T21:03:07.001+0000] {spark_submit.py:571} INFO - org.slf4j#slf4j-api;2.0.7 from central in [default]
[2025-06-04T21:03:07.001+0000] {spark_submit.py:571} INFO - org.xerial.snappy#snappy-java;1.1.10.3 from central in [default]
[2025-06-04T21:03:07.002+0000] {spark_submit.py:571} INFO - ---------------------------------------------------------------------
[2025-06-04T21:03:07.002+0000] {spark_submit.py:571} INFO - |                  |            modules            ||   artifacts   |
[2025-06-04T21:03:07.002+0000] {spark_submit.py:571} INFO - |       conf       | number| search|dwnlded|evicted|| number|dwnlded|
[2025-06-04T21:03:07.002+0000] {spark_submit.py:571} INFO - ---------------------------------------------------------------------
[2025-06-04T21:03:07.003+0000] {spark_submit.py:571} INFO - |      default     |   15  |   8   |   6   |   0   ||   12  |   12  |
[2025-06-04T21:03:07.003+0000] {spark_submit.py:571} INFO - ---------------------------------------------------------------------
[2025-06-04T21:03:07.006+0000] {spark_submit.py:571} INFO - 
[2025-06-04T21:03:07.006+0000] {spark_submit.py:571} INFO - :: problems summary ::
[2025-06-04T21:03:07.007+0000] {spark_submit.py:571} INFO - :::: WARNINGS
[2025-06-04T21:03:07.007+0000] {spark_submit.py:571} INFO - problem while downloading module descriptor: https://repo1.maven.org/maven2/com/google/code/findbugs/jsr305/3.0.0/jsr305-3.0.0.pom: Downloaded file size (0) doesn't match expected Content Length (3853) for https://repo1.maven.org/maven2/com/google/code/findbugs/jsr305/3.0.0/jsr305-3.0.0.pom. Please retry. (92ms)
[2025-06-04T21:03:07.007+0000] {spark_submit.py:571} INFO - 
[2025-06-04T21:03:07.007+0000] {spark_submit.py:571} INFO - module not found: com.google.code.findbugs#jsr305;3.0.0
[2025-06-04T21:03:07.007+0000] {spark_submit.py:571} INFO - 
[2025-06-04T21:03:07.008+0000] {spark_submit.py:571} INFO - ==== local-m2-cache: tried
[2025-06-04T21:03:07.008+0000] {spark_submit.py:571} INFO - 
[2025-06-04T21:03:07.008+0000] {spark_submit.py:571} INFO - file:/home/***/.m2/repository/com/google/code/findbugs/jsr305/3.0.0/jsr305-3.0.0.pom
[2025-06-04T21:03:07.008+0000] {spark_submit.py:571} INFO - 
[2025-06-04T21:03:07.008+0000] {spark_submit.py:571} INFO - -- artifact com.google.code.findbugs#jsr305;3.0.0!jsr305.jar:
[2025-06-04T21:03:07.008+0000] {spark_submit.py:571} INFO - 
[2025-06-04T21:03:07.009+0000] {spark_submit.py:571} INFO - file:/home/***/.m2/repository/com/google/code/findbugs/jsr305/3.0.0/jsr305-3.0.0.jar
[2025-06-04T21:03:07.009+0000] {spark_submit.py:571} INFO - 
[2025-06-04T21:03:07.009+0000] {spark_submit.py:571} INFO - ==== local-ivy-cache: tried
[2025-06-04T21:03:07.010+0000] {spark_submit.py:571} INFO - 
[2025-06-04T21:03:07.011+0000] {spark_submit.py:571} INFO - /home/***/.ivy2/local/com.google.code.findbugs/jsr305/3.0.0/ivys/ivy.xml
[2025-06-04T21:03:07.011+0000] {spark_submit.py:571} INFO - 
[2025-06-04T21:03:07.012+0000] {spark_submit.py:571} INFO - -- artifact com.google.code.findbugs#jsr305;3.0.0!jsr305.jar:
[2025-06-04T21:03:07.012+0000] {spark_submit.py:571} INFO - 
[2025-06-04T21:03:07.012+0000] {spark_submit.py:571} INFO - /home/***/.ivy2/local/com.google.code.findbugs/jsr305/3.0.0/jars/jsr305.jar
[2025-06-04T21:03:07.012+0000] {spark_submit.py:571} INFO - 
[2025-06-04T21:03:07.013+0000] {spark_submit.py:571} INFO - ==== central: tried
[2025-06-04T21:03:07.013+0000] {spark_submit.py:571} INFO - 
[2025-06-04T21:03:07.013+0000] {spark_submit.py:571} INFO - https://repo1.maven.org/maven2/com/google/code/findbugs/jsr305/3.0.0/jsr305-3.0.0.pom
[2025-06-04T21:03:07.013+0000] {spark_submit.py:571} INFO - 
[2025-06-04T21:03:07.013+0000] {spark_submit.py:571} INFO - ==== spark-packages: tried
[2025-06-04T21:03:07.013+0000] {spark_submit.py:571} INFO - 
[2025-06-04T21:03:07.013+0000] {spark_submit.py:571} INFO - https://repos.spark-packages.org/com/google/code/findbugs/jsr305/3.0.0/jsr305-3.0.0.pom
[2025-06-04T21:03:07.014+0000] {spark_submit.py:571} INFO - 
[2025-06-04T21:03:07.014+0000] {spark_submit.py:571} INFO - -- artifact com.google.code.findbugs#jsr305;3.0.0!jsr305.jar:
[2025-06-04T21:03:07.014+0000] {spark_submit.py:571} INFO - 
[2025-06-04T21:03:07.014+0000] {spark_submit.py:571} INFO - https://repos.spark-packages.org/com/google/code/findbugs/jsr305/3.0.0/jsr305-3.0.0.jar
[2025-06-04T21:03:07.014+0000] {spark_submit.py:571} INFO - 
[2025-06-04T21:03:07.014+0000] {spark_submit.py:571} INFO - problem while downloading module descriptor: https://repo1.maven.org/maven2/org/jboss/jboss-parent/35/jboss-parent-35.pom: Downloaded file size (0) doesn't match expected Content Length (65595) for https://repo1.maven.org/maven2/org/jboss/jboss-parent/35/jboss-parent-35.pom. Please retry. (187ms)
[2025-06-04T21:03:07.015+0000] {spark_submit.py:571} INFO - 
[2025-06-04T21:03:07.015+0000] {spark_submit.py:571} INFO - io problem while parsing ivy file: https://repo1.maven.org/maven2/org/wildfly/openssl/wildfly-openssl-parent/1.0.7.Final/wildfly-openssl-parent-1.0.7.Final.pom (java.io.IOException: Impossible to load parent for file:/home/***/.ivy2/cache/org.wildfly.openssl/wildfly-openssl-parent/ivy-1.0.7.Final.xml.original. Parent=org.jboss#jboss-parent;35)
[2025-06-04T21:03:07.015+0000] {spark_submit.py:571} INFO - 
[2025-06-04T21:03:07.015+0000] {spark_submit.py:571} INFO - io problem while parsing ivy file: https://repo1.maven.org/maven2/org/wildfly/openssl/wildfly-openssl/1.0.7.Final/wildfly-openssl-1.0.7.Final.pom (java.io.IOException: Impossible to load parent for file:/home/***/.ivy2/cache/org.wildfly.openssl/wildfly-openssl/ivy-1.0.7.Final.xml.original. Parent=org.wildfly.openssl#wildfly-openssl-parent;1.0.7.Final)
[2025-06-04T21:03:07.015+0000] {spark_submit.py:571} INFO - 
[2025-06-04T21:03:07.015+0000] {spark_submit.py:571} INFO - module not found: org.wildfly.openssl#wildfly-openssl;1.0.7.Final
[2025-06-04T21:03:07.016+0000] {spark_submit.py:571} INFO - 
[2025-06-04T21:03:07.016+0000] {spark_submit.py:571} INFO - ==== local-m2-cache: tried
[2025-06-04T21:03:07.016+0000] {spark_submit.py:571} INFO - 
[2025-06-04T21:03:07.016+0000] {spark_submit.py:571} INFO - file:/home/***/.m2/repository/org/jboss/jboss-parent/35/jboss-parent-35.pom
[2025-06-04T21:03:07.016+0000] {spark_submit.py:571} INFO - 
[2025-06-04T21:03:07.016+0000] {spark_submit.py:571} INFO - -- artifact org.jboss#jboss-parent;35!jboss-parent.jar:
[2025-06-04T21:03:07.016+0000] {spark_submit.py:571} INFO - 
[2025-06-04T21:03:07.017+0000] {spark_submit.py:571} INFO - file:/home/***/.m2/repository/org/jboss/jboss-parent/35/jboss-parent-35.jar
[2025-06-04T21:03:07.017+0000] {spark_submit.py:571} INFO - 
[2025-06-04T21:03:07.017+0000] {spark_submit.py:571} INFO - ==== local-ivy-cache: tried
[2025-06-04T21:03:07.017+0000] {spark_submit.py:571} INFO - 
[2025-06-04T21:03:07.017+0000] {spark_submit.py:571} INFO - /home/***/.ivy2/local/org.jboss/jboss-parent/35/ivys/ivy.xml
[2025-06-04T21:03:07.017+0000] {spark_submit.py:571} INFO - 
[2025-06-04T21:03:07.018+0000] {spark_submit.py:571} INFO - -- artifact org.jboss#jboss-parent;35!jboss-parent.jar:
[2025-06-04T21:03:07.018+0000] {spark_submit.py:571} INFO - 
[2025-06-04T21:03:07.018+0000] {spark_submit.py:571} INFO - /home/***/.ivy2/local/org.jboss/jboss-parent/35/jars/jboss-parent.jar
[2025-06-04T21:03:07.018+0000] {spark_submit.py:571} INFO - 
[2025-06-04T21:03:07.019+0000] {spark_submit.py:571} INFO - ==== central: tried
[2025-06-04T21:03:07.019+0000] {spark_submit.py:571} INFO - 
[2025-06-04T21:03:07.019+0000] {spark_submit.py:571} INFO - https://repo1.maven.org/maven2/org/jboss/jboss-parent/35/jboss-parent-35.pom
[2025-06-04T21:03:07.019+0000] {spark_submit.py:571} INFO - 
[2025-06-04T21:03:07.019+0000] {spark_submit.py:571} INFO - ==== spark-packages: tried
[2025-06-04T21:03:07.019+0000] {spark_submit.py:571} INFO - 
[2025-06-04T21:03:07.020+0000] {spark_submit.py:571} INFO - https://repos.spark-packages.org/org/wildfly/openssl/wildfly-openssl/1.0.7.Final/wildfly-openssl-1.0.7.Final.pom
[2025-06-04T21:03:07.020+0000] {spark_submit.py:571} INFO - 
[2025-06-04T21:03:07.020+0000] {spark_submit.py:571} INFO - -- artifact org.wildfly.openssl#wildfly-openssl;1.0.7.Final!wildfly-openssl.jar:
[2025-06-04T21:03:07.020+0000] {spark_submit.py:571} INFO - 
[2025-06-04T21:03:07.020+0000] {spark_submit.py:571} INFO - https://repos.spark-packages.org/org/wildfly/openssl/wildfly-openssl/1.0.7.Final/wildfly-openssl-1.0.7.Final.jar
[2025-06-04T21:03:07.020+0000] {spark_submit.py:571} INFO - 
[2025-06-04T21:03:07.021+0000] {spark_submit.py:571} INFO - problem while downloading module descriptor: https://repo1.maven.org/maven2/org/apache/iceberg/iceberg-spark-runtime-3.5_2.12/1.4.0/iceberg-spark-runtime-3.5_2.12-1.4.0.pom: impossible to move part file to definitive one: /home/***/.ivy2/cache/org.apache.iceberg/iceberg-spark-runtime-3.5_2.12/ivy-1.4.0.xml.original.part -> /home/***/.ivy2/cache/org.apache.iceberg/iceberg-spark-runtime-3.5_2.12/ivy-1.4.0.xml.original (82ms)
[2025-06-04T21:03:07.021+0000] {spark_submit.py:571} INFO - 
[2025-06-04T21:03:07.021+0000] {spark_submit.py:571} INFO - module not found: org.apache.iceberg#iceberg-spark-runtime-3.5_2.12;1.4.0
[2025-06-04T21:03:07.021+0000] {spark_submit.py:571} INFO - 
[2025-06-04T21:03:07.021+0000] {spark_submit.py:571} INFO - ==== local-m2-cache: tried
[2025-06-04T21:03:07.021+0000] {spark_submit.py:571} INFO - 
[2025-06-04T21:03:07.022+0000] {spark_submit.py:571} INFO - file:/home/***/.m2/repository/org/apache/iceberg/iceberg-spark-runtime-3.5_2.12/1.4.0/iceberg-spark-runtime-3.5_2.12-1.4.0.pom
[2025-06-04T21:03:07.022+0000] {spark_submit.py:571} INFO - 
[2025-06-04T21:03:07.022+0000] {spark_submit.py:571} INFO - -- artifact org.apache.iceberg#iceberg-spark-runtime-3.5_2.12;1.4.0!iceberg-spark-runtime-3.5_2.12.jar:
[2025-06-04T21:03:07.022+0000] {spark_submit.py:571} INFO - 
[2025-06-04T21:03:07.022+0000] {spark_submit.py:571} INFO - file:/home/***/.m2/repository/org/apache/iceberg/iceberg-spark-runtime-3.5_2.12/1.4.0/iceberg-spark-runtime-3.5_2.12-1.4.0.jar
[2025-06-04T21:03:07.022+0000] {spark_submit.py:571} INFO - 
[2025-06-04T21:03:07.023+0000] {spark_submit.py:571} INFO - ==== local-ivy-cache: tried
[2025-06-04T21:03:07.023+0000] {spark_submit.py:571} INFO - 
[2025-06-04T21:03:07.023+0000] {spark_submit.py:571} INFO - /home/***/.ivy2/local/org.apache.iceberg/iceberg-spark-runtime-3.5_2.12/1.4.0/ivys/ivy.xml
[2025-06-04T21:03:07.023+0000] {spark_submit.py:571} INFO - 
[2025-06-04T21:03:07.023+0000] {spark_submit.py:571} INFO - -- artifact org.apache.iceberg#iceberg-spark-runtime-3.5_2.12;1.4.0!iceberg-spark-runtime-3.5_2.12.jar:
[2025-06-04T21:03:07.023+0000] {spark_submit.py:571} INFO - 
[2025-06-04T21:03:07.024+0000] {spark_submit.py:571} INFO - /home/***/.ivy2/local/org.apache.iceberg/iceberg-spark-runtime-3.5_2.12/1.4.0/jars/iceberg-spark-runtime-3.5_2.12.jar
[2025-06-04T21:03:07.024+0000] {spark_submit.py:571} INFO - 
[2025-06-04T21:03:07.024+0000] {spark_submit.py:571} INFO - ==== central: tried
[2025-06-04T21:03:07.024+0000] {spark_submit.py:571} INFO - 
[2025-06-04T21:03:07.024+0000] {spark_submit.py:571} INFO - https://repo1.maven.org/maven2/org/apache/iceberg/iceberg-spark-runtime-3.5_2.12/1.4.0/iceberg-spark-runtime-3.5_2.12-1.4.0.pom
[2025-06-04T21:03:07.024+0000] {spark_submit.py:571} INFO - 
[2025-06-04T21:03:07.024+0000] {spark_submit.py:571} INFO - ==== spark-packages: tried
[2025-06-04T21:03:07.025+0000] {spark_submit.py:571} INFO - 
[2025-06-04T21:03:07.025+0000] {spark_submit.py:571} INFO - https://repos.spark-packages.org/org/apache/iceberg/iceberg-spark-runtime-3.5_2.12/1.4.0/iceberg-spark-runtime-3.5_2.12-1.4.0.pom
[2025-06-04T21:03:07.025+0000] {spark_submit.py:571} INFO - 
[2025-06-04T21:03:07.025+0000] {spark_submit.py:571} INFO - -- artifact org.apache.iceberg#iceberg-spark-runtime-3.5_2.12;1.4.0!iceberg-spark-runtime-3.5_2.12.jar:
[2025-06-04T21:03:07.025+0000] {spark_submit.py:571} INFO - 
[2025-06-04T21:03:07.025+0000] {spark_submit.py:571} INFO - https://repos.spark-packages.org/org/apache/iceberg/iceberg-spark-runtime-3.5_2.12/1.4.0/iceberg-spark-runtime-3.5_2.12-1.4.0.jar
[2025-06-04T21:03:07.025+0000] {spark_submit.py:571} INFO - 
[2025-06-04T21:03:07.026+0000] {spark_submit.py:571} INFO - ::::::::::::::::::::::::::::::::::::::::::::::
[2025-06-04T21:03:07.026+0000] {spark_submit.py:571} INFO - 
[2025-06-04T21:03:07.026+0000] {spark_submit.py:571} INFO - ::          UNRESOLVED DEPENDENCIES         ::
[2025-06-04T21:03:07.026+0000] {spark_submit.py:571} INFO - 
[2025-06-04T21:03:07.026+0000] {spark_submit.py:571} INFO - ::::::::::::::::::::::::::::::::::::::::::::::
[2025-06-04T21:03:07.026+0000] {spark_submit.py:571} INFO - 
[2025-06-04T21:03:07.027+0000] {spark_submit.py:571} INFO - :: com.google.code.findbugs#jsr305;3.0.0: not found
[2025-06-04T21:03:07.027+0000] {spark_submit.py:571} INFO - 
[2025-06-04T21:03:07.027+0000] {spark_submit.py:571} INFO - :: org.wildfly.openssl#wildfly-openssl;1.0.7.Final: not found
[2025-06-04T21:03:07.027+0000] {spark_submit.py:571} INFO - 
[2025-06-04T21:03:07.027+0000] {spark_submit.py:571} INFO - :: org.apache.iceberg#iceberg-spark-runtime-3.5_2.12;1.4.0: not found
[2025-06-04T21:03:07.027+0000] {spark_submit.py:571} INFO - 
[2025-06-04T21:03:07.027+0000] {spark_submit.py:571} INFO - ::::::::::::::::::::::::::::::::::::::::::::::
[2025-06-04T21:03:07.028+0000] {spark_submit.py:571} INFO - 
[2025-06-04T21:03:07.028+0000] {spark_submit.py:571} INFO - 
[2025-06-04T21:03:07.028+0000] {spark_submit.py:571} INFO - 
[2025-06-04T21:03:07.028+0000] {spark_submit.py:571} INFO - :: USE VERBOSE OR DEBUG MESSAGE LEVEL FOR MORE DETAILS
[2025-06-04T21:03:07.028+0000] {spark_submit.py:571} INFO - Exception in thread "main" java.lang.RuntimeException: [unresolved dependency: com.google.code.findbugs#jsr305;3.0.0: not found, unresolved dependency: org.wildfly.openssl#wildfly-openssl;1.0.7.Final: not found, unresolved dependency: org.apache.iceberg#iceberg-spark-runtime-3.5_2.12;1.4.0: not found]
[2025-06-04T21:03:07.028+0000] {spark_submit.py:571} INFO - at org.apache.spark.deploy.SparkSubmitUtils$.resolveMavenCoordinates(SparkSubmit.scala:1537)
[2025-06-04T21:03:07.029+0000] {spark_submit.py:571} INFO - at org.apache.spark.util.DependencyUtils$.resolveMavenDependencies(DependencyUtils.scala:185)
[2025-06-04T21:03:07.029+0000] {spark_submit.py:571} INFO - at org.apache.spark.deploy.SparkSubmit.prepareSubmitEnvironment(SparkSubmit.scala:334)
[2025-06-04T21:03:07.029+0000] {spark_submit.py:571} INFO - at org.apache.spark.deploy.SparkSubmit.org$apache$spark$deploy$SparkSubmit$$runMain(SparkSubmit.scala:964)
[2025-06-04T21:03:07.029+0000] {spark_submit.py:571} INFO - at org.apache.spark.deploy.SparkSubmit.doRunMain$1(SparkSubmit.scala:194)
[2025-06-04T21:03:07.029+0000] {spark_submit.py:571} INFO - at org.apache.spark.deploy.SparkSubmit.submit(SparkSubmit.scala:217)
[2025-06-04T21:03:07.029+0000] {spark_submit.py:571} INFO - at org.apache.spark.deploy.SparkSubmit.doSubmit(SparkSubmit.scala:91)
[2025-06-04T21:03:07.029+0000] {spark_submit.py:571} INFO - at org.apache.spark.deploy.SparkSubmit$$anon$2.doSubmit(SparkSubmit.scala:1120)
[2025-06-04T21:03:07.030+0000] {spark_submit.py:571} INFO - at org.apache.spark.deploy.SparkSubmit$.main(SparkSubmit.scala:1129)
[2025-06-04T21:03:07.030+0000] {spark_submit.py:571} INFO - at org.apache.spark.deploy.SparkSubmit.main(SparkSubmit.scala)
[2025-06-04T21:03:07.057+0000] {taskinstance.py:441} INFO - ::group::Post task execution logs
[2025-06-04T21:03:07.073+0000] {taskinstance.py:2905} ERROR - Task failed with exception
Traceback (most recent call last):
  File "/home/airflow/.local/lib/python3.9/site-packages/airflow/models/taskinstance.py", line 465, in _execute_task
    result = _execute_callable(context=context, **execute_callable_kwargs)
  File "/home/airflow/.local/lib/python3.9/site-packages/airflow/models/taskinstance.py", line 432, in _execute_callable
    return execute_callable(context=context, **execute_callable_kwargs)
  File "/home/airflow/.local/lib/python3.9/site-packages/airflow/models/baseoperator.py", line 401, in wrapper
    return func(self, *args, **kwargs)
  File "/home/airflow/.local/lib/python3.9/site-packages/airflow/providers/apache/spark/operators/spark_submit.py", line 174, in execute
    self._hook.submit(self.application)
  File "/home/airflow/.local/lib/python3.9/site-packages/airflow/providers/apache/spark/hooks/spark_submit.py", line 502, in submit
    raise AirflowException(
airflow.exceptions.AirflowException: Cannot execute: spark-submit --master spark-master:7077 --conf spark.hadoop.fs.s3a.endpoint=http://minio:9000 --conf spark.hadoop.fs.s3a.access.key=minioadmin --conf spark.hadoop.fs.s3a.secret.key=****** --conf spark.hadoop.fs.s3a.path.style.access=true --conf spark.hadoop.fs.s3a.impl=org.apache.hadoop.fs.s3a.S3AFileSystem --packages org.apache.spark:spark-sql-kafka-0-10_2.12:3.5.0,org.apache.hadoop:hadoop-aws:3.3.4,org.apache.iceberg:iceberg-spark-runtime-3.5_2.12:1.4.0 --name arrow-spark /opt/***/spark_scripts/main.py. Error code is: 1.
[2025-06-04T21:03:07.079+0000] {taskinstance.py:1206} INFO - Marking task as FAILED. dag_id=realtime_spark_pipeline, task_id=run_spark_streaming_job, run_id=manual__2025-06-04T20:58:58.663205+00:00, execution_date=20250604T205858, start_date=20250604T205859, end_date=20250604T210307
[2025-06-04T21:03:07.099+0000] {standard_task_runner.py:110} ERROR - Failed to execute job 10 for task run_spark_streaming_job (Cannot execute: spark-submit --master spark-master:7077 --conf spark.hadoop.fs.s3a.endpoint=http://minio:9000 --conf spark.hadoop.fs.s3a.access.key=minioadmin --conf spark.hadoop.fs.s3a.secret.key=****** --conf spark.hadoop.fs.s3a.path.style.access=true --conf spark.hadoop.fs.s3a.impl=org.apache.hadoop.fs.s3a.S3AFileSystem --packages org.apache.spark:spark-sql-kafka-0-10_2.12:3.5.0,org.apache.hadoop:hadoop-aws:3.3.4,org.apache.iceberg:iceberg-spark-runtime-3.5_2.12:1.4.0 --name arrow-spark /opt/***/spark_scripts/main.py. Error code is: 1.; 244)
[2025-06-04T21:03:07.114+0000] {local_task_job_runner.py:240} INFO - Task exited with return code 1
[2025-06-04T21:03:07.136+0000] {taskinstance.py:3503} INFO - 0 downstream tasks scheduled from follow-on schedule check
[2025-06-04T21:03:07.140+0000] {local_task_job_runner.py:222} INFO - ::endgroup::
