[2025-06-04T20:17:05.922+0000] {local_task_job_runner.py:120} INFO - ::group::Pre task execution logs
[2025-06-04T20:17:05.966+0000] {taskinstance.py:2076} INFO - Dependencies all met for dep_context=non-requeueable deps ti=<TaskInstance: realtime_spark_pipeline.run_spark_streaming_job manual__2025-06-04T20:17:04.993502+00:00 [queued]>
[2025-06-04T20:17:05.979+0000] {taskinstance.py:2076} INFO - Dependencies all met for dep_context=requeueable deps ti=<TaskInstance: realtime_spark_pipeline.run_spark_streaming_job manual__2025-06-04T20:17:04.993502+00:00 [queued]>
[2025-06-04T20:17:05.979+0000] {taskinstance.py:2306} INFO - Starting attempt 1 of 1
[2025-06-04T20:17:05.998+0000] {taskinstance.py:2330} INFO - Executing <Task(SparkSubmitOperator): run_spark_streaming_job> on 2025-06-04 20:17:04.993502+00:00
[2025-06-04T20:17:06.006+0000] {standard_task_runner.py:63} INFO - Started process 1319 to run task
[2025-06-04T20:17:06.010+0000] {standard_task_runner.py:90} INFO - Running: ['***', 'tasks', 'run', 'realtime_spark_pipeline', 'run_spark_streaming_job', 'manual__2025-06-04T20:17:04.993502+00:00', '--job-id', '6', '--raw', '--subdir', 'DAGS_FOLDER/realtime_spark_pipeline.py', '--cfg-path', '/tmp/tmpzfubv82j']
[2025-06-04T20:17:06.013+0000] {standard_task_runner.py:91} INFO - Job 6: Subtask run_spark_streaming_job
[2025-06-04T20:17:06.084+0000] {task_command.py:426} INFO - Running <TaskInstance: realtime_spark_pipeline.run_spark_streaming_job manual__2025-06-04T20:17:04.993502+00:00 [running]> on host d6ca7b7459c0
[2025-06-04T20:17:06.207+0000] {taskinstance.py:2648} INFO - Exporting env vars: AIRFLOW_CTX_DAG_OWNER='***' AIRFLOW_CTX_DAG_ID='realtime_spark_pipeline' AIRFLOW_CTX_TASK_ID='run_spark_streaming_job' AIRFLOW_CTX_EXECUTION_DATE='2025-06-04T20:17:04.993502+00:00' AIRFLOW_CTX_TRY_NUMBER='1' AIRFLOW_CTX_DAG_RUN_ID='manual__2025-06-04T20:17:04.993502+00:00'
[2025-06-04T20:17:06.209+0000] {taskinstance.py:430} INFO - ::endgroup::
[2025-06-04T20:17:06.233+0000] {base.py:84} INFO - Using connection ID 'spark_default' for task execution.
[2025-06-04T20:17:06.235+0000] {spark_submit.py:401} INFO - Spark-Submit cmd: spark-submit --master spark-master:7077 --conf spark.hadoop.fs.s3a.endpoint=http://minio:9000 --conf spark.hadoop.fs.s3a.access.key=minioadmin --conf spark.hadoop.fs.s3a.secret.key=****** --conf spark.hadoop.fs.s3a.path.style.access=true --conf spark.hadoop.fs.s3a.impl=org.apache.hadoop.fs.s3a.S3AFileSystem --packages org.apache.spark:spark-sql-kafka-0-10_2.12:3.5.0,org.apache.hadoop:hadoop-aws:3.3.4,org.apache.iceberg:iceberg-spark-runtime-3.5_2.12:1.4.0 --name arrow-spark /opt/***/spark_scripts/main.py
[2025-06-04T20:17:08.283+0000] {spark_submit.py:571} INFO - :: loading settings :: url = jar:file:/opt/spark/jars/ivy-2.5.1.jar!/org/apache/ivy/core/settings/ivysettings.xml
[2025-06-04T20:17:08.365+0000] {spark_submit.py:571} INFO - Ivy Default Cache set to: /home/***/.ivy2/cache
[2025-06-04T20:17:08.366+0000] {spark_submit.py:571} INFO - The jars for the packages stored in: /home/***/.ivy2/jars
[2025-06-04T20:17:08.371+0000] {spark_submit.py:571} INFO - org.apache.spark#spark-sql-kafka-0-10_2.12 added as a dependency
[2025-06-04T20:17:08.371+0000] {spark_submit.py:571} INFO - org.apache.hadoop#hadoop-aws added as a dependency
[2025-06-04T20:17:08.372+0000] {spark_submit.py:571} INFO - org.apache.iceberg#iceberg-spark-runtime-3.5_2.12 added as a dependency
[2025-06-04T20:17:08.372+0000] {spark_submit.py:571} INFO - :: resolving dependencies :: org.apache.spark#spark-submit-parent-197b467a-0506-45c9-8e71-54ebabd51f58;1.0
[2025-06-04T20:17:08.373+0000] {spark_submit.py:571} INFO - confs: [default]
[2025-06-04T20:17:08.573+0000] {spark_submit.py:571} INFO - found org.apache.spark#spark-sql-kafka-0-10_2.12;3.5.0 in central
[2025-06-04T20:17:08.654+0000] {spark_submit.py:571} INFO - found org.apache.spark#spark-token-provider-kafka-0-10_2.12;3.5.0 in central
[2025-06-04T20:17:08.702+0000] {spark_submit.py:571} INFO - found org.apache.kafka#kafka-clients;3.4.1 in central
[2025-06-04T20:17:08.737+0000] {spark_submit.py:571} INFO - found org.lz4#lz4-java;1.8.0 in central
[2025-06-04T20:17:08.762+0000] {spark_submit.py:571} INFO - found org.xerial.snappy#snappy-java;1.1.10.3 in central
[2025-06-04T20:17:08.784+0000] {spark_submit.py:571} INFO - found org.slf4j#slf4j-api;2.0.7 in central
[2025-06-04T20:17:08.817+0000] {spark_submit.py:571} INFO - found org.apache.hadoop#hadoop-client-runtime;3.3.4 in central
[2025-06-04T20:17:08.857+0000] {spark_submit.py:571} INFO - found org.apache.hadoop#hadoop-client-api;3.3.4 in central
[2025-06-04T20:17:08.892+0000] {spark_submit.py:571} INFO - found commons-logging#commons-logging;1.1.3 in central
[2025-06-04T20:17:08.912+0000] {spark_submit.py:571} INFO - found com.google.code.findbugs#jsr305;3.0.0 in central
[2025-06-04T20:17:08.931+0000] {spark_submit.py:571} INFO - found org.apache.commons#commons-pool2;2.11.1 in central
[2025-06-04T20:17:08.961+0000] {spark_submit.py:571} INFO - found org.apache.hadoop#hadoop-aws;3.3.4 in central
[2025-06-04T20:17:08.974+0000] {spark_submit.py:571} INFO - found com.amazonaws#aws-java-sdk-bundle;1.12.262 in central
[2025-06-04T20:17:08.988+0000] {spark_submit.py:571} INFO - found org.wildfly.openssl#wildfly-openssl;1.0.7.Final in central
[2025-06-04T20:17:08.999+0000] {spark_submit.py:571} INFO - found org.apache.iceberg#iceberg-spark-runtime-3.5_2.12;1.4.0 in central
[2025-06-04T20:17:09.811+0000] {spark_submit.py:571} INFO - downloading https://repo1.maven.org/maven2/org/apache/iceberg/iceberg-spark-runtime-3.5_2.12/1.4.0/iceberg-spark-runtime-3.5_2.12-1.4.0.jar ...
[2025-06-04T20:17:55.341+0000] {spark_submit.py:571} INFO - downloading https://repo1.maven.org/maven2/org/apache/hadoop/hadoop-client-runtime/3.3.4/hadoop-client-runtime-3.3.4.jar ...
[2025-06-04T20:18:35.801+0000] {spark_submit.py:571} INFO - downloading https://repo1.maven.org/maven2/commons-logging/commons-logging/1.1.3/commons-logging-1.1.3.jar ...
[2025-06-04T20:18:35.937+0000] {spark_submit.py:571} INFO - [SUCCESSFUL ] commons-logging#commons-logging;1.1.3!commons-logging.jar (211ms)
[2025-06-04T20:18:36.015+0000] {spark_submit.py:571} INFO - downloading https://repo1.maven.org/maven2/com/amazonaws/aws-java-sdk-bundle/1.12.262/aws-java-sdk-bundle-1.12.262.jar ...
[2025-06-04T20:23:05.622+0000] {spark_submit.py:571} INFO - :: resolution report :: resolve 647ms :: artifacts dl 356603ms
[2025-06-04T20:23:05.623+0000] {spark_submit.py:571} INFO - :: modules in use:
[2025-06-04T20:23:05.623+0000] {spark_submit.py:571} INFO - com.amazonaws#aws-java-sdk-bundle;1.12.262 from central in [default]
[2025-06-04T20:23:05.624+0000] {spark_submit.py:571} INFO - com.google.code.findbugs#jsr305;3.0.0 from central in [default]
[2025-06-04T20:23:05.624+0000] {spark_submit.py:571} INFO - commons-logging#commons-logging;1.1.3 from central in [default]
[2025-06-04T20:23:05.624+0000] {spark_submit.py:571} INFO - org.apache.commons#commons-pool2;2.11.1 from central in [default]
[2025-06-04T20:23:05.624+0000] {spark_submit.py:571} INFO - org.apache.hadoop#hadoop-aws;3.3.4 from central in [default]
[2025-06-04T20:23:05.625+0000] {spark_submit.py:571} INFO - org.apache.hadoop#hadoop-client-api;3.3.4 from central in [default]
[2025-06-04T20:23:05.625+0000] {spark_submit.py:571} INFO - org.apache.hadoop#hadoop-client-runtime;3.3.4 from central in [default]
[2025-06-04T20:23:05.625+0000] {spark_submit.py:571} INFO - org.apache.iceberg#iceberg-spark-runtime-3.5_2.12;1.4.0 from central in [default]
[2025-06-04T20:23:05.625+0000] {spark_submit.py:571} INFO - org.apache.kafka#kafka-clients;3.4.1 from central in [default]
[2025-06-04T20:23:05.626+0000] {spark_submit.py:571} INFO - org.apache.spark#spark-sql-kafka-0-10_2.12;3.5.0 from central in [default]
[2025-06-04T20:23:05.626+0000] {spark_submit.py:571} INFO - org.apache.spark#spark-token-provider-kafka-0-10_2.12;3.5.0 from central in [default]
[2025-06-04T20:23:05.626+0000] {spark_submit.py:571} INFO - org.lz4#lz4-java;1.8.0 from central in [default]
[2025-06-04T20:23:05.626+0000] {spark_submit.py:571} INFO - org.slf4j#slf4j-api;2.0.7 from central in [default]
[2025-06-04T20:23:05.627+0000] {spark_submit.py:571} INFO - org.wildfly.openssl#wildfly-openssl;1.0.7.Final from central in [default]
[2025-06-04T20:23:05.627+0000] {spark_submit.py:571} INFO - org.xerial.snappy#snappy-java;1.1.10.3 from central in [default]
[2025-06-04T20:23:05.627+0000] {spark_submit.py:571} INFO - ---------------------------------------------------------------------
[2025-06-04T20:23:05.627+0000] {spark_submit.py:571} INFO - |                  |            modules            ||   artifacts   |
[2025-06-04T20:23:05.627+0000] {spark_submit.py:571} INFO - |       conf       | number| search|dwnlded|evicted|| number|dwnlded|
[2025-06-04T20:23:05.628+0000] {spark_submit.py:571} INFO - ---------------------------------------------------------------------
[2025-06-04T20:23:05.628+0000] {spark_submit.py:571} INFO - |      default     |   15  |   0   |   0   |   0   ||   15  |   1   |
[2025-06-04T20:23:05.628+0000] {spark_submit.py:571} INFO - ---------------------------------------------------------------------
[2025-06-04T20:23:05.634+0000] {spark_submit.py:571} INFO - 
[2025-06-04T20:23:05.635+0000] {spark_submit.py:571} INFO - :: problems summary ::
[2025-06-04T20:23:05.635+0000] {spark_submit.py:571} INFO - :::: WARNINGS
[2025-06-04T20:23:05.635+0000] {spark_submit.py:571} INFO - [FAILED     ] org.apache.iceberg#iceberg-spark-runtime-3.5_2.12;1.4.0!iceberg-spark-runtime-3.5_2.12.jar: Downloaded file size (0) doesn't match expected Content Length (29105539) for https://repo1.maven.org/maven2/org/apache/iceberg/iceberg-spark-runtime-3.5_2.12/1.4.0/iceberg-spark-runtime-3.5_2.12-1.4.0.jar. Please retry. (46225ms)
[2025-06-04T20:23:05.636+0000] {spark_submit.py:571} INFO - 
[2025-06-04T20:23:05.636+0000] {spark_submit.py:571} INFO - [FAILED     ] org.apache.iceberg#iceberg-spark-runtime-3.5_2.12;1.4.0!iceberg-spark-runtime-3.5_2.12.jar: Downloaded file size (0) doesn't match expected Content Length (29105539) for https://repo1.maven.org/maven2/org/apache/iceberg/iceberg-spark-runtime-3.5_2.12/1.4.0/iceberg-spark-runtime-3.5_2.12-1.4.0.jar. Please retry. (46225ms)
[2025-06-04T20:23:05.636+0000] {spark_submit.py:571} INFO - 
[2025-06-04T20:23:05.637+0000] {spark_submit.py:571} INFO - ==== central: tried
[2025-06-04T20:23:05.637+0000] {spark_submit.py:571} INFO - 
[2025-06-04T20:23:05.637+0000] {spark_submit.py:571} INFO - https://repo1.maven.org/maven2/org/apache/iceberg/iceberg-spark-runtime-3.5_2.12/1.4.0/iceberg-spark-runtime-3.5_2.12-1.4.0.jar
[2025-06-04T20:23:05.638+0000] {spark_submit.py:571} INFO - 
[2025-06-04T20:23:05.638+0000] {spark_submit.py:571} INFO - [FAILED     ] org.apache.hadoop#hadoop-client-runtime;3.3.4!hadoop-client-runtime.jar: Downloaded file size (0) doesn't match expected Content Length (30085504) for https://repo1.maven.org/maven2/org/apache/hadoop/hadoop-client-runtime/3.3.4/hadoop-client-runtime-3.3.4.jar. Please retry. (40461ms)
[2025-06-04T20:23:05.638+0000] {spark_submit.py:571} INFO - 
[2025-06-04T20:23:05.638+0000] {spark_submit.py:571} INFO - [FAILED     ] org.apache.hadoop#hadoop-client-runtime;3.3.4!hadoop-client-runtime.jar: Downloaded file size (0) doesn't match expected Content Length (30085504) for https://repo1.maven.org/maven2/org/apache/hadoop/hadoop-client-runtime/3.3.4/hadoop-client-runtime-3.3.4.jar. Please retry. (40461ms)
[2025-06-04T20:23:05.638+0000] {spark_submit.py:571} INFO - 
[2025-06-04T20:23:05.639+0000] {spark_submit.py:571} INFO - ==== central: tried
[2025-06-04T20:23:05.639+0000] {spark_submit.py:571} INFO - 
[2025-06-04T20:23:05.639+0000] {spark_submit.py:571} INFO - https://repo1.maven.org/maven2/org/apache/hadoop/hadoop-client-runtime/3.3.4/hadoop-client-runtime-3.3.4.jar
[2025-06-04T20:23:05.639+0000] {spark_submit.py:571} INFO - 
[2025-06-04T20:23:05.640+0000] {spark_submit.py:571} INFO - [FAILED     ] com.amazonaws#aws-java-sdk-bundle;1.12.262!aws-java-sdk-bundle.jar: Downloaded file size (0) doesn't match expected Content Length (280645251) for https://repo1.maven.org/maven2/com/amazonaws/aws-java-sdk-bundle/1.12.262/aws-java-sdk-bundle-1.12.262.jar. Please retry. (269681ms)
[2025-06-04T20:23:05.640+0000] {spark_submit.py:571} INFO - 
[2025-06-04T20:23:05.640+0000] {spark_submit.py:571} INFO - [FAILED     ] com.amazonaws#aws-java-sdk-bundle;1.12.262!aws-java-sdk-bundle.jar: Downloaded file size (0) doesn't match expected Content Length (280645251) for https://repo1.maven.org/maven2/com/amazonaws/aws-java-sdk-bundle/1.12.262/aws-java-sdk-bundle-1.12.262.jar. Please retry. (269681ms)
[2025-06-04T20:23:05.640+0000] {spark_submit.py:571} INFO - 
[2025-06-04T20:23:05.640+0000] {spark_submit.py:571} INFO - ==== central: tried
[2025-06-04T20:23:05.641+0000] {spark_submit.py:571} INFO - 
[2025-06-04T20:23:05.641+0000] {spark_submit.py:571} INFO - https://repo1.maven.org/maven2/com/amazonaws/aws-java-sdk-bundle/1.12.262/aws-java-sdk-bundle-1.12.262.jar
[2025-06-04T20:23:05.641+0000] {spark_submit.py:571} INFO - 
[2025-06-04T20:23:05.641+0000] {spark_submit.py:571} INFO - ::::::::::::::::::::::::::::::::::::::::::::::
[2025-06-04T20:23:05.642+0000] {spark_submit.py:571} INFO - 
[2025-06-04T20:23:05.642+0000] {spark_submit.py:571} INFO - ::              FAILED DOWNLOADS            ::
[2025-06-04T20:23:05.642+0000] {spark_submit.py:571} INFO - 
[2025-06-04T20:23:05.642+0000] {spark_submit.py:571} INFO - :: ^ see resolution messages for details  ^ ::
[2025-06-04T20:23:05.642+0000] {spark_submit.py:571} INFO - 
[2025-06-04T20:23:05.643+0000] {spark_submit.py:571} INFO - ::::::::::::::::::::::::::::::::::::::::::::::
[2025-06-04T20:23:05.643+0000] {spark_submit.py:571} INFO - 
[2025-06-04T20:23:05.643+0000] {spark_submit.py:571} INFO - :: org.apache.hadoop#hadoop-client-runtime;3.3.4!hadoop-client-runtime.jar
[2025-06-04T20:23:05.643+0000] {spark_submit.py:571} INFO - 
[2025-06-04T20:23:05.644+0000] {spark_submit.py:571} INFO - :: com.amazonaws#aws-java-sdk-bundle;1.12.262!aws-java-sdk-bundle.jar
[2025-06-04T20:23:05.644+0000] {spark_submit.py:571} INFO - 
[2025-06-04T20:23:05.644+0000] {spark_submit.py:571} INFO - :: org.apache.iceberg#iceberg-spark-runtime-3.5_2.12;1.4.0!iceberg-spark-runtime-3.5_2.12.jar
[2025-06-04T20:23:05.644+0000] {spark_submit.py:571} INFO - 
[2025-06-04T20:23:05.644+0000] {spark_submit.py:571} INFO - ::::::::::::::::::::::::::::::::::::::::::::::
[2025-06-04T20:23:05.645+0000] {spark_submit.py:571} INFO - 
[2025-06-04T20:23:05.645+0000] {spark_submit.py:571} INFO - 
[2025-06-04T20:23:05.645+0000] {spark_submit.py:571} INFO - 
[2025-06-04T20:23:05.645+0000] {spark_submit.py:571} INFO - :: USE VERBOSE OR DEBUG MESSAGE LEVEL FOR MORE DETAILS
[2025-06-04T20:23:05.645+0000] {spark_submit.py:571} INFO - Exception in thread "main" java.lang.RuntimeException: [download failed: org.apache.hadoop#hadoop-client-runtime;3.3.4!hadoop-client-runtime.jar, download failed: com.amazonaws#aws-java-sdk-bundle;1.12.262!aws-java-sdk-bundle.jar, download failed: org.apache.iceberg#iceberg-spark-runtime-3.5_2.12;1.4.0!iceberg-spark-runtime-3.5_2.12.jar]
[2025-06-04T20:23:05.646+0000] {spark_submit.py:571} INFO - at org.apache.spark.deploy.SparkSubmitUtils$.resolveMavenCoordinates(SparkSubmit.scala:1537)
[2025-06-04T20:23:05.646+0000] {spark_submit.py:571} INFO - at org.apache.spark.util.DependencyUtils$.resolveMavenDependencies(DependencyUtils.scala:185)
[2025-06-04T20:23:05.646+0000] {spark_submit.py:571} INFO - at org.apache.spark.deploy.SparkSubmit.prepareSubmitEnvironment(SparkSubmit.scala:334)
[2025-06-04T20:23:05.646+0000] {spark_submit.py:571} INFO - at org.apache.spark.deploy.SparkSubmit.org$apache$spark$deploy$SparkSubmit$$runMain(SparkSubmit.scala:964)
[2025-06-04T20:23:05.646+0000] {spark_submit.py:571} INFO - at org.apache.spark.deploy.SparkSubmit.doRunMain$1(SparkSubmit.scala:194)
[2025-06-04T20:23:05.647+0000] {spark_submit.py:571} INFO - at org.apache.spark.deploy.SparkSubmit.submit(SparkSubmit.scala:217)
[2025-06-04T20:23:05.647+0000] {spark_submit.py:571} INFO - at org.apache.spark.deploy.SparkSubmit.doSubmit(SparkSubmit.scala:91)
[2025-06-04T20:23:05.647+0000] {spark_submit.py:571} INFO - at org.apache.spark.deploy.SparkSubmit$$anon$2.doSubmit(SparkSubmit.scala:1120)
[2025-06-04T20:23:05.647+0000] {spark_submit.py:571} INFO - at org.apache.spark.deploy.SparkSubmit$.main(SparkSubmit.scala:1129)
[2025-06-04T20:23:05.648+0000] {spark_submit.py:571} INFO - at org.apache.spark.deploy.SparkSubmit.main(SparkSubmit.scala)
[2025-06-04T20:23:05.677+0000] {taskinstance.py:441} INFO - ::group::Post task execution logs
[2025-06-04T20:23:05.697+0000] {taskinstance.py:2905} ERROR - Task failed with exception
Traceback (most recent call last):
  File "/home/airflow/.local/lib/python3.9/site-packages/airflow/models/taskinstance.py", line 465, in _execute_task
    result = _execute_callable(context=context, **execute_callable_kwargs)
  File "/home/airflow/.local/lib/python3.9/site-packages/airflow/models/taskinstance.py", line 432, in _execute_callable
    return execute_callable(context=context, **execute_callable_kwargs)
  File "/home/airflow/.local/lib/python3.9/site-packages/airflow/models/baseoperator.py", line 401, in wrapper
    return func(self, *args, **kwargs)
  File "/home/airflow/.local/lib/python3.9/site-packages/airflow/providers/apache/spark/operators/spark_submit.py", line 174, in execute
    self._hook.submit(self.application)
  File "/home/airflow/.local/lib/python3.9/site-packages/airflow/providers/apache/spark/hooks/spark_submit.py", line 502, in submit
    raise AirflowException(
airflow.exceptions.AirflowException: Cannot execute: spark-submit --master spark-master:7077 --conf spark.hadoop.fs.s3a.endpoint=http://minio:9000 --conf spark.hadoop.fs.s3a.access.key=minioadmin --conf spark.hadoop.fs.s3a.secret.key=****** --conf spark.hadoop.fs.s3a.path.style.access=true --conf spark.hadoop.fs.s3a.impl=org.apache.hadoop.fs.s3a.S3AFileSystem --packages org.apache.spark:spark-sql-kafka-0-10_2.12:3.5.0,org.apache.hadoop:hadoop-aws:3.3.4,org.apache.iceberg:iceberg-spark-runtime-3.5_2.12:1.4.0 --name arrow-spark /opt/***/spark_scripts/main.py. Error code is: 1.
[2025-06-04T20:23:05.705+0000] {taskinstance.py:1206} INFO - Marking task as FAILED. dag_id=realtime_spark_pipeline, task_id=run_spark_streaming_job, run_id=manual__2025-06-04T20:17:04.993502+00:00, execution_date=20250604T201704, start_date=20250604T201705, end_date=20250604T202305
[2025-06-04T20:23:05.731+0000] {standard_task_runner.py:110} ERROR - Failed to execute job 6 for task run_spark_streaming_job (Cannot execute: spark-submit --master spark-master:7077 --conf spark.hadoop.fs.s3a.endpoint=http://minio:9000 --conf spark.hadoop.fs.s3a.access.key=minioadmin --conf spark.hadoop.fs.s3a.secret.key=****** --conf spark.hadoop.fs.s3a.path.style.access=true --conf spark.hadoop.fs.s3a.impl=org.apache.hadoop.fs.s3a.S3AFileSystem --packages org.apache.spark:spark-sql-kafka-0-10_2.12:3.5.0,org.apache.hadoop:hadoop-aws:3.3.4,org.apache.iceberg:iceberg-spark-runtime-3.5_2.12:1.4.0 --name arrow-spark /opt/***/spark_scripts/main.py. Error code is: 1.; 1319)
[2025-06-04T20:23:05.787+0000] {local_task_job_runner.py:240} INFO - Task exited with return code 1
[2025-06-04T20:23:05.811+0000] {taskinstance.py:3503} INFO - 0 downstream tasks scheduled from follow-on schedule check
[2025-06-04T20:23:05.815+0000] {local_task_job_runner.py:222} INFO - ::endgroup::
