[2025-06-04T20:58:55.838+0000] {local_task_job_runner.py:120} INFO - ::group::Pre task execution logs
[2025-06-04T20:58:55.896+0000] {taskinstance.py:2076} INFO - Dependencies all met for dep_context=non-requeueable deps ti=<TaskInstance: daily_batch_processing.run_spark_daily_batch_job manual__2025-06-04T20:58:55.212114+00:00 [queued]>
[2025-06-04T20:58:55.912+0000] {taskinstance.py:2076} INFO - Dependencies all met for dep_context=requeueable deps ti=<TaskInstance: daily_batch_processing.run_spark_daily_batch_job manual__2025-06-04T20:58:55.212114+00:00 [queued]>
[2025-06-04T20:58:55.913+0000] {taskinstance.py:2306} INFO - Starting attempt 1 of 1
[2025-06-04T20:58:55.934+0000] {taskinstance.py:2330} INFO - Executing <Task(BashOperator): run_spark_daily_batch_job> on 2025-06-04 20:58:55.212114+00:00
[2025-06-04T20:58:55.942+0000] {standard_task_runner.py:63} INFO - Started process 188 to run task
[2025-06-04T20:58:55.947+0000] {standard_task_runner.py:90} INFO - Running: ['***', 'tasks', 'run', 'daily_batch_processing', 'run_spark_daily_batch_job', 'manual__2025-06-04T20:58:55.212114+00:00', '--job-id', '9', '--raw', '--subdir', 'DAGS_FOLDER/daily_batch_processing.py', '--cfg-path', '/tmp/tmp5yvyq35_']
[2025-06-04T20:58:55.949+0000] {standard_task_runner.py:91} INFO - Job 9: Subtask run_spark_daily_batch_job
[2025-06-04T20:58:56.010+0000] {task_command.py:426} INFO - Running <TaskInstance: daily_batch_processing.run_spark_daily_batch_job manual__2025-06-04T20:58:55.212114+00:00 [running]> on host bf9c4b973eea
[2025-06-04T20:58:56.159+0000] {taskinstance.py:2648} INFO - Exporting env vars: AIRFLOW_CTX_DAG_OWNER='***' AIRFLOW_CTX_DAG_ID='daily_batch_processing' AIRFLOW_CTX_TASK_ID='run_spark_daily_batch_job' AIRFLOW_CTX_EXECUTION_DATE='2025-06-04T20:58:55.212114+00:00' AIRFLOW_CTX_TRY_NUMBER='1' AIRFLOW_CTX_DAG_RUN_ID='manual__2025-06-04T20:58:55.212114+00:00'
[2025-06-04T20:58:56.160+0000] {taskinstance.py:430} INFO - ::endgroup::
[2025-06-04T20:58:56.215+0000] {subprocess.py:63} INFO - Tmp dir root location: /tmp
[2025-06-04T20:58:56.216+0000] {subprocess.py:75} INFO - Running command: ['/usr/bin/bash', '-c', '\n            /opt/spark/bin/spark-submit                 --master spark://spark-master:7077                 --conf spark.hadoop.fs.s3a.endpoint=http://minio:9000                 --conf spark.hadoop.fs.s3a.access.key=minioadmin                 --conf spark.hadoop.fs.s3a.secret.key=minioadmin                 --conf spark.hadoop.fs.s3a.path.style.access=true                 --conf spark.hadoop.fs.s3a.impl=org.apache.hadoop.fs.s3a.S3AFileSystem                 --packages org.apache.spark:spark-sql-kafka-0-10_2.12:3.5.0,org.apache.hadoop:hadoop-aws:3.3.4,org.apache.iceberg:iceberg-spark-runtime-3.5_2.12:1.4.0,ru.yandex.clickhouse:clickhouse-jdbc:0.3.2                 /opt/***/spark_scripts/batch_processing_spark.py\n        ']
[2025-06-04T20:58:56.233+0000] {subprocess.py:86} INFO - Output:
[2025-06-04T20:58:58.786+0000] {subprocess.py:93} INFO - :: loading settings :: url = jar:file:/opt/spark/jars/ivy-2.5.1.jar!/org/apache/ivy/core/settings/ivysettings.xml
[2025-06-04T20:58:58.951+0000] {subprocess.py:93} INFO - Ivy Default Cache set to: /home/***/.ivy2/cache
[2025-06-04T20:58:58.952+0000] {subprocess.py:93} INFO - The jars for the packages stored in: /home/***/.ivy2/jars
[2025-06-04T20:58:58.962+0000] {subprocess.py:93} INFO - org.apache.spark#spark-sql-kafka-0-10_2.12 added as a dependency
[2025-06-04T20:58:58.963+0000] {subprocess.py:93} INFO - org.apache.hadoop#hadoop-aws added as a dependency
[2025-06-04T20:58:58.963+0000] {subprocess.py:93} INFO - org.apache.iceberg#iceberg-spark-runtime-3.5_2.12 added as a dependency
[2025-06-04T20:58:58.964+0000] {subprocess.py:93} INFO - ru.yandex.clickhouse#clickhouse-jdbc added as a dependency
[2025-06-04T20:58:58.965+0000] {subprocess.py:93} INFO - :: resolving dependencies :: org.apache.spark#spark-submit-parent-441e5863-db6d-4190-a286-b8eec5b57576;1.0
[2025-06-04T20:58:58.966+0000] {subprocess.py:93} INFO - 	confs: [default]
[2025-06-04T20:59:02.052+0000] {subprocess.py:93} INFO - 	found org.apache.spark#spark-sql-kafka-0-10_2.12;3.5.0 in central
[2025-06-04T20:59:02.545+0000] {subprocess.py:93} INFO - 	found org.apache.spark#spark-token-provider-kafka-0-10_2.12;3.5.0 in central
[2025-06-04T20:59:02.744+0000] {subprocess.py:93} INFO - 	found org.apache.kafka#kafka-clients;3.4.1 in central
[2025-06-04T20:59:02.979+0000] {subprocess.py:93} INFO - 	found org.lz4#lz4-java;1.8.0 in central
[2025-06-04T20:59:03.178+0000] {subprocess.py:93} INFO - 	found org.xerial.snappy#snappy-java;1.1.10.3 in central
[2025-06-04T20:59:03.812+0000] {subprocess.py:93} INFO - 	found org.slf4j#slf4j-api;2.0.7 in central
[2025-06-04T20:59:05.642+0000] {subprocess.py:93} INFO - 	found org.apache.hadoop#hadoop-client-runtime;3.3.4 in central
[2025-06-04T20:59:05.894+0000] {subprocess.py:93} INFO - 	found org.apache.hadoop#hadoop-client-api;3.3.4 in central
[2025-06-04T20:59:07.415+0000] {subprocess.py:93} INFO - 	found commons-logging#commons-logging;1.1.3 in central
[2025-06-04T20:59:09.616+0000] {subprocess.py:93} INFO - 	found org.apache.hadoop#hadoop-aws;3.3.4 in central
[2025-06-04T20:59:10.449+0000] {subprocess.py:93} INFO - 	found com.amazonaws#aws-java-sdk-bundle;1.12.262 in central
[2025-06-04T20:59:14.051+0000] {subprocess.py:93} INFO - 	found org.apache.iceberg#iceberg-spark-runtime-3.5_2.12;1.4.0 in central
[2025-06-04T20:59:14.227+0000] {subprocess.py:93} INFO - 	found ru.yandex.clickhouse#clickhouse-jdbc;0.3.2 in central
[2025-06-04T20:59:14.401+0000] {subprocess.py:93} INFO - 	found com.clickhouse#clickhouse-http-client;0.3.2 in central
[2025-06-04T20:59:14.590+0000] {subprocess.py:93} INFO - 	found com.clickhouse#clickhouse-client;0.3.2 in central
[2025-06-04T20:59:16.817+0000] {subprocess.py:93} INFO - 	found com.google.code.gson#gson;2.8.8 in central
[2025-06-04T20:59:19.118+0000] {subprocess.py:93} INFO - 	found org.apache.httpcomponents#httpclient;4.5.13 in central
[2025-06-04T20:59:19.808+0000] {subprocess.py:93} INFO - 	found org.apache.httpcomponents#httpcore;4.4.13 in central
[2025-06-04T20:59:20.375+0000] {subprocess.py:93} INFO - 	found commons-logging#commons-logging;1.2 in central
[2025-06-04T20:59:20.991+0000] {subprocess.py:93} INFO - 	found commons-codec#commons-codec;1.11 in central
[2025-06-04T20:59:21.187+0000] {subprocess.py:93} INFO - 	found org.apache.httpcomponents#httpmime;4.5.13 in central
[2025-06-04T20:59:21.290+0000] {subprocess.py:93} INFO - downloading https://repo1.maven.org/maven2/org/apache/iceberg/iceberg-spark-runtime-3.5_2.12/1.4.0/iceberg-spark-runtime-3.5_2.12-1.4.0.jar ...
[2025-06-04T20:59:48.011+0000] {subprocess.py:93} INFO - 	[SUCCESSFUL ] org.apache.iceberg#iceberg-spark-runtime-3.5_2.12;1.4.0!iceberg-spark-runtime-3.5_2.12.jar (26810ms)
[2025-06-04T20:59:48.087+0000] {subprocess.py:93} INFO - downloading https://repo1.maven.org/maven2/ru/yandex/clickhouse/clickhouse-jdbc/0.3.2/clickhouse-jdbc-0.3.2.jar ...
[2025-06-04T20:59:48.487+0000] {subprocess.py:93} INFO - 	[SUCCESSFUL ] ru.yandex.clickhouse#clickhouse-jdbc;0.3.2!clickhouse-jdbc.jar (475ms)
[2025-06-04T20:59:48.622+0000] {subprocess.py:93} INFO - downloading https://repo1.maven.org/maven2/org/apache/hadoop/hadoop-client-api/3.3.4/hadoop-client-api-3.3.4.jar ...
[2025-06-04T21:00:05.242+0000] {subprocess.py:93} INFO - downloading https://repo1.maven.org/maven2/com/amazonaws/aws-java-sdk-bundle/1.12.262/aws-java-sdk-bundle-1.12.262.jar ...
[2025-06-04T21:03:13.344+0000] {subprocess.py:93} INFO - downloading https://repo1.maven.org/maven2/com/clickhouse/clickhouse-http-client/0.3.2/clickhouse-http-client-0.3.2.jar ...
[2025-06-04T21:03:13.447+0000] {subprocess.py:93} INFO - 	[SUCCESSFUL ] com.clickhouse#clickhouse-http-client;0.3.2!clickhouse-http-client.jar (179ms)
[2025-06-04T21:03:13.525+0000] {subprocess.py:93} INFO - downloading https://repo1.maven.org/maven2/com/google/code/gson/gson/2.8.8/gson-2.8.8.jar ...
[2025-06-04T21:03:13.660+0000] {subprocess.py:93} INFO - 	[SUCCESSFUL ] com.google.code.gson#gson;2.8.8!gson.jar (212ms)
[2025-06-04T21:03:13.739+0000] {subprocess.py:93} INFO - downloading https://repo1.maven.org/maven2/org/apache/httpcomponents/httpclient/4.5.13/httpclient-4.5.13.jar ...
[2025-06-04T21:03:14.037+0000] {subprocess.py:93} INFO - 	[SUCCESSFUL ] org.apache.httpcomponents#httpclient;4.5.13!httpclient.jar (377ms)
[2025-06-04T21:03:14.113+0000] {subprocess.py:93} INFO - downloading https://repo1.maven.org/maven2/org/apache/httpcomponents/httpmime/4.5.13/httpmime-4.5.13.jar ...
[2025-06-04T21:03:14.202+0000] {subprocess.py:93} INFO - 	[SUCCESSFUL ] org.apache.httpcomponents#httpmime;4.5.13!httpmime.jar (163ms)
[2025-06-04T21:03:14.282+0000] {subprocess.py:93} INFO - downloading https://repo1.maven.org/maven2/com/clickhouse/clickhouse-client/0.3.2/clickhouse-client-0.3.2.jar ...
[2025-06-04T21:03:14.454+0000] {subprocess.py:93} INFO - 	[SUCCESSFUL ] com.clickhouse#clickhouse-client;0.3.2!clickhouse-client.jar (250ms)
[2025-06-04T21:03:14.531+0000] {subprocess.py:93} INFO - downloading https://repo1.maven.org/maven2/org/apache/httpcomponents/httpcore/4.4.13/httpcore-4.4.13.jar ...
[2025-06-04T21:03:14.673+0000] {subprocess.py:93} INFO - 	[SUCCESSFUL ] org.apache.httpcomponents#httpcore;4.4.13!httpcore.jar (218ms)
[2025-06-04T21:03:14.763+0000] {subprocess.py:93} INFO - downloading https://repo1.maven.org/maven2/commons-logging/commons-logging/1.2/commons-logging-1.2.jar ...
[2025-06-04T21:03:14.865+0000] {subprocess.py:93} INFO - 	[SUCCESSFUL ] commons-logging#commons-logging;1.2!commons-logging.jar (191ms)
[2025-06-04T21:03:14.943+0000] {subprocess.py:93} INFO - downloading https://repo1.maven.org/maven2/commons-codec/commons-codec/1.11/commons-codec-1.11.jar ...
[2025-06-04T21:03:15.120+0000] {subprocess.py:93} INFO - 	[SUCCESSFUL ] commons-codec#commons-codec;1.11!commons-codec.jar (254ms)
[2025-06-04T21:03:15.121+0000] {subprocess.py:93} INFO - :: resolution report :: resolve 22233ms :: artifacts dl 233922ms
[2025-06-04T21:03:15.121+0000] {subprocess.py:93} INFO - 	:: modules in use:
[2025-06-04T21:03:15.121+0000] {subprocess.py:93} INFO - 	com.amazonaws#aws-java-sdk-bundle;1.12.262 from central in [default]
[2025-06-04T21:03:15.121+0000] {subprocess.py:93} INFO - 	com.clickhouse#clickhouse-client;0.3.2 from central in [default]
[2025-06-04T21:03:15.121+0000] {subprocess.py:93} INFO - 	com.clickhouse#clickhouse-http-client;0.3.2 from central in [default]
[2025-06-04T21:03:15.122+0000] {subprocess.py:93} INFO - 	com.google.code.gson#gson;2.8.8 from central in [default]
[2025-06-04T21:03:15.122+0000] {subprocess.py:93} INFO - 	commons-codec#commons-codec;1.11 from central in [default]
[2025-06-04T21:03:15.122+0000] {subprocess.py:93} INFO - 	commons-logging#commons-logging;1.2 from central in [default]
[2025-06-04T21:03:15.123+0000] {subprocess.py:93} INFO - 	org.apache.hadoop#hadoop-aws;3.3.4 from central in [default]
[2025-06-04T21:03:15.123+0000] {subprocess.py:93} INFO - 	org.apache.hadoop#hadoop-client-api;3.3.4 from central in [default]
[2025-06-04T21:03:15.123+0000] {subprocess.py:93} INFO - 	org.apache.hadoop#hadoop-client-runtime;3.3.4 from central in [default]
[2025-06-04T21:03:15.123+0000] {subprocess.py:93} INFO - 	org.apache.httpcomponents#httpclient;4.5.13 from central in [default]
[2025-06-04T21:03:15.123+0000] {subprocess.py:93} INFO - 	org.apache.httpcomponents#httpcore;4.4.13 from central in [default]
[2025-06-04T21:03:15.124+0000] {subprocess.py:93} INFO - 	org.apache.httpcomponents#httpmime;4.5.13 from central in [default]
[2025-06-04T21:03:15.124+0000] {subprocess.py:93} INFO - 	org.apache.iceberg#iceberg-spark-runtime-3.5_2.12;1.4.0 from central in [default]
[2025-06-04T21:03:15.124+0000] {subprocess.py:93} INFO - 	org.apache.kafka#kafka-clients;3.4.1 from central in [default]
[2025-06-04T21:03:15.124+0000] {subprocess.py:93} INFO - 	org.apache.spark#spark-sql-kafka-0-10_2.12;3.5.0 from central in [default]
[2025-06-04T21:03:15.124+0000] {subprocess.py:93} INFO - 	org.apache.spark#spark-token-provider-kafka-0-10_2.12;3.5.0 from central in [default]
[2025-06-04T21:03:15.125+0000] {subprocess.py:93} INFO - 	org.lz4#lz4-java;1.8.0 from central in [default]
[2025-06-04T21:03:15.125+0000] {subprocess.py:93} INFO - 	org.slf4j#slf4j-api;2.0.7 from central in [default]
[2025-06-04T21:03:15.125+0000] {subprocess.py:93} INFO - 	org.xerial.snappy#snappy-java;1.1.10.3 from central in [default]
[2025-06-04T21:03:15.125+0000] {subprocess.py:93} INFO - 	ru.yandex.clickhouse#clickhouse-jdbc;0.3.2 from central in [default]
[2025-06-04T21:03:15.125+0000] {subprocess.py:93} INFO - 	:: evicted modules:
[2025-06-04T21:03:15.125+0000] {subprocess.py:93} INFO - 	commons-logging#commons-logging;1.1.3 by [commons-logging#commons-logging;1.2] in [default]
[2025-06-04T21:03:15.126+0000] {subprocess.py:93} INFO - 	---------------------------------------------------------------------
[2025-06-04T21:03:15.126+0000] {subprocess.py:93} INFO - 	|                  |            modules            ||   artifacts   |
[2025-06-04T21:03:15.126+0000] {subprocess.py:93} INFO - 	|       conf       | number| search|dwnlded|evicted|| number|dwnlded|
[2025-06-04T21:03:15.126+0000] {subprocess.py:93} INFO - 	---------------------------------------------------------------------
[2025-06-04T21:03:15.126+0000] {subprocess.py:93} INFO - 	|      default     |   24  |   21  |   21  |   1   ||   20  |   10  |
[2025-06-04T21:03:15.127+0000] {subprocess.py:93} INFO - 	---------------------------------------------------------------------
[2025-06-04T21:03:15.129+0000] {subprocess.py:93} INFO - 
[2025-06-04T21:03:15.130+0000] {subprocess.py:93} INFO - :: problems summary ::
[2025-06-04T21:03:15.130+0000] {subprocess.py:93} INFO - :::: WARNINGS
[2025-06-04T21:03:15.130+0000] {subprocess.py:93} INFO - 	problem while downloading module descriptor: https://repo1.maven.org/maven2/com/google/code/findbugs/jsr305/3.0.0/jsr305-3.0.0.pom: Downloaded file size (0) doesn't match expected Content Length (3853) for https://repo1.maven.org/maven2/com/google/code/findbugs/jsr305/3.0.0/jsr305-3.0.0.pom. Please retry. (93ms)
[2025-06-04T21:03:15.130+0000] {subprocess.py:93} INFO - 
[2025-06-04T21:03:15.130+0000] {subprocess.py:93} INFO - 		module not found: com.google.code.findbugs#jsr305;3.0.0
[2025-06-04T21:03:15.131+0000] {subprocess.py:93} INFO - 
[2025-06-04T21:03:15.131+0000] {subprocess.py:93} INFO - 	==== local-m2-cache: tried
[2025-06-04T21:03:15.131+0000] {subprocess.py:93} INFO - 
[2025-06-04T21:03:15.131+0000] {subprocess.py:93} INFO - 	  file:/home/***/.m2/repository/com/google/code/findbugs/jsr305/3.0.0/jsr305-3.0.0.pom
[2025-06-04T21:03:15.131+0000] {subprocess.py:93} INFO - 
[2025-06-04T21:03:15.131+0000] {subprocess.py:93} INFO - 	  -- artifact com.google.code.findbugs#jsr305;3.0.0!jsr305.jar:
[2025-06-04T21:03:15.132+0000] {subprocess.py:93} INFO - 
[2025-06-04T21:03:15.132+0000] {subprocess.py:93} INFO - 	  file:/home/***/.m2/repository/com/google/code/findbugs/jsr305/3.0.0/jsr305-3.0.0.jar
[2025-06-04T21:03:15.132+0000] {subprocess.py:93} INFO - 
[2025-06-04T21:03:15.132+0000] {subprocess.py:93} INFO - 	==== local-ivy-cache: tried
[2025-06-04T21:03:15.132+0000] {subprocess.py:93} INFO - 
[2025-06-04T21:03:15.132+0000] {subprocess.py:93} INFO - 	  /home/***/.ivy2/local/com.google.code.findbugs/jsr305/3.0.0/ivys/ivy.xml
[2025-06-04T21:03:15.133+0000] {subprocess.py:93} INFO - 
[2025-06-04T21:03:15.133+0000] {subprocess.py:93} INFO - 	  -- artifact com.google.code.findbugs#jsr305;3.0.0!jsr305.jar:
[2025-06-04T21:03:15.133+0000] {subprocess.py:93} INFO - 
[2025-06-04T21:03:15.133+0000] {subprocess.py:93} INFO - 	  /home/***/.ivy2/local/com.google.code.findbugs/jsr305/3.0.0/jars/jsr305.jar
[2025-06-04T21:03:15.133+0000] {subprocess.py:93} INFO - 
[2025-06-04T21:03:15.134+0000] {subprocess.py:93} INFO - 	==== central: tried
[2025-06-04T21:03:15.134+0000] {subprocess.py:93} INFO - 
[2025-06-04T21:03:15.134+0000] {subprocess.py:93} INFO - 	  https://repo1.maven.org/maven2/com/google/code/findbugs/jsr305/3.0.0/jsr305-3.0.0.pom
[2025-06-04T21:03:15.134+0000] {subprocess.py:93} INFO - 
[2025-06-04T21:03:15.134+0000] {subprocess.py:93} INFO - 	==== spark-packages: tried
[2025-06-04T21:03:15.134+0000] {subprocess.py:93} INFO - 
[2025-06-04T21:03:15.135+0000] {subprocess.py:93} INFO - 	  https://repos.spark-packages.org/com/google/code/findbugs/jsr305/3.0.0/jsr305-3.0.0.pom
[2025-06-04T21:03:15.135+0000] {subprocess.py:93} INFO - 
[2025-06-04T21:03:15.135+0000] {subprocess.py:93} INFO - 	  -- artifact com.google.code.findbugs#jsr305;3.0.0!jsr305.jar:
[2025-06-04T21:03:15.135+0000] {subprocess.py:93} INFO - 
[2025-06-04T21:03:15.135+0000] {subprocess.py:93} INFO - 	  https://repos.spark-packages.org/com/google/code/findbugs/jsr305/3.0.0/jsr305-3.0.0.jar
[2025-06-04T21:03:15.135+0000] {subprocess.py:93} INFO - 
[2025-06-04T21:03:15.136+0000] {subprocess.py:93} INFO - 	problem while downloading module descriptor: https://repo1.maven.org/maven2/org/apache/commons/commons-pool2/2.11.1/commons-pool2-2.11.1.pom: impossible to move part file to definitive one: /home/***/.ivy2/cache/org.apache.commons/commons-pool2/ivy-2.11.1.xml.original.part -> /home/***/.ivy2/cache/org.apache.commons/commons-pool2/ivy-2.11.1.xml.original (89ms)
[2025-06-04T21:03:15.136+0000] {subprocess.py:93} INFO - 
[2025-06-04T21:03:15.136+0000] {subprocess.py:93} INFO - 		module not found: org.apache.commons#commons-pool2;2.11.1
[2025-06-04T21:03:15.136+0000] {subprocess.py:93} INFO - 
[2025-06-04T21:03:15.136+0000] {subprocess.py:93} INFO - 	==== local-m2-cache: tried
[2025-06-04T21:03:15.136+0000] {subprocess.py:93} INFO - 
[2025-06-04T21:03:15.137+0000] {subprocess.py:93} INFO - 	  file:/home/***/.m2/repository/org/apache/commons/commons-pool2/2.11.1/commons-pool2-2.11.1.pom
[2025-06-04T21:03:15.137+0000] {subprocess.py:93} INFO - 
[2025-06-04T21:03:15.137+0000] {subprocess.py:93} INFO - 	  -- artifact org.apache.commons#commons-pool2;2.11.1!commons-pool2.jar:
[2025-06-04T21:03:15.137+0000] {subprocess.py:93} INFO - 
[2025-06-04T21:03:15.137+0000] {subprocess.py:93} INFO - 	  file:/home/***/.m2/repository/org/apache/commons/commons-pool2/2.11.1/commons-pool2-2.11.1.jar
[2025-06-04T21:03:15.137+0000] {subprocess.py:93} INFO - 
[2025-06-04T21:03:15.138+0000] {subprocess.py:93} INFO - 	==== local-ivy-cache: tried
[2025-06-04T21:03:15.138+0000] {subprocess.py:93} INFO - 
[2025-06-04T21:03:15.138+0000] {subprocess.py:93} INFO - 	  /home/***/.ivy2/local/org.apache.commons/commons-pool2/2.11.1/ivys/ivy.xml
[2025-06-04T21:03:15.138+0000] {subprocess.py:93} INFO - 
[2025-06-04T21:03:15.139+0000] {subprocess.py:93} INFO - 	  -- artifact org.apache.commons#commons-pool2;2.11.1!commons-pool2.jar:
[2025-06-04T21:03:15.139+0000] {subprocess.py:93} INFO - 
[2025-06-04T21:03:15.139+0000] {subprocess.py:93} INFO - 	  /home/***/.ivy2/local/org.apache.commons/commons-pool2/2.11.1/jars/commons-pool2.jar
[2025-06-04T21:03:15.139+0000] {subprocess.py:93} INFO - 
[2025-06-04T21:03:15.139+0000] {subprocess.py:93} INFO - 	==== central: tried
[2025-06-04T21:03:15.139+0000] {subprocess.py:93} INFO - 
[2025-06-04T21:03:15.140+0000] {subprocess.py:93} INFO - 	  https://repo1.maven.org/maven2/org/apache/commons/commons-pool2/2.11.1/commons-pool2-2.11.1.pom
[2025-06-04T21:03:15.140+0000] {subprocess.py:93} INFO - 
[2025-06-04T21:03:15.140+0000] {subprocess.py:93} INFO - 	==== spark-packages: tried
[2025-06-04T21:03:15.140+0000] {subprocess.py:93} INFO - 
[2025-06-04T21:03:15.140+0000] {subprocess.py:93} INFO - 	  https://repos.spark-packages.org/org/apache/commons/commons-pool2/2.11.1/commons-pool2-2.11.1.pom
[2025-06-04T21:03:15.140+0000] {subprocess.py:93} INFO - 
[2025-06-04T21:03:15.141+0000] {subprocess.py:93} INFO - 	  -- artifact org.apache.commons#commons-pool2;2.11.1!commons-pool2.jar:
[2025-06-04T21:03:15.141+0000] {subprocess.py:93} INFO - 
[2025-06-04T21:03:15.141+0000] {subprocess.py:93} INFO - 	  https://repos.spark-packages.org/org/apache/commons/commons-pool2/2.11.1/commons-pool2-2.11.1.jar
[2025-06-04T21:03:15.141+0000] {subprocess.py:93} INFO - 
[2025-06-04T21:03:15.141+0000] {subprocess.py:93} INFO - 	io problem while parsing ivy file: https://repo1.maven.org/maven2/org/jboss/jboss-parent/35/jboss-parent-35.pom (java.io.IOException: Resetting to invalid mark)
[2025-06-04T21:03:15.141+0000] {subprocess.py:93} INFO - 
[2025-06-04T21:03:15.142+0000] {subprocess.py:93} INFO - 	io problem while parsing ivy file: https://repo1.maven.org/maven2/org/wildfly/openssl/wildfly-openssl-parent/1.0.7.Final/wildfly-openssl-parent-1.0.7.Final.pom (java.io.IOException: Impossible to load parent for file:/home/***/.ivy2/cache/org.wildfly.openssl/wildfly-openssl-parent/ivy-1.0.7.Final.xml.original. Parent=org.jboss#jboss-parent;35)
[2025-06-04T21:03:15.142+0000] {subprocess.py:93} INFO - 
[2025-06-04T21:03:15.142+0000] {subprocess.py:93} INFO - 	io problem while parsing ivy file: https://repo1.maven.org/maven2/org/wildfly/openssl/wildfly-openssl/1.0.7.Final/wildfly-openssl-1.0.7.Final.pom (java.io.IOException: Impossible to load parent for file:/home/***/.ivy2/cache/org.wildfly.openssl/wildfly-openssl/ivy-1.0.7.Final.xml.original. Parent=org.wildfly.openssl#wildfly-openssl-parent;1.0.7.Final)
[2025-06-04T21:03:15.142+0000] {subprocess.py:93} INFO - 
[2025-06-04T21:03:15.142+0000] {subprocess.py:93} INFO - 		module not found: org.wildfly.openssl#wildfly-openssl;1.0.7.Final
[2025-06-04T21:03:15.142+0000] {subprocess.py:93} INFO - 
[2025-06-04T21:03:15.143+0000] {subprocess.py:93} INFO - 	==== local-m2-cache: tried
[2025-06-04T21:03:15.143+0000] {subprocess.py:93} INFO - 
[2025-06-04T21:03:15.143+0000] {subprocess.py:93} INFO - 	  file:/home/***/.m2/repository/org/jboss/jboss-parent/35/jboss-parent-35.pom
[2025-06-04T21:03:15.143+0000] {subprocess.py:93} INFO - 
[2025-06-04T21:03:15.143+0000] {subprocess.py:93} INFO - 	  -- artifact org.jboss#jboss-parent;35!jboss-parent.jar:
[2025-06-04T21:03:15.143+0000] {subprocess.py:93} INFO - 
[2025-06-04T21:03:15.144+0000] {subprocess.py:93} INFO - 	  file:/home/***/.m2/repository/org/jboss/jboss-parent/35/jboss-parent-35.jar
[2025-06-04T21:03:15.144+0000] {subprocess.py:93} INFO - 
[2025-06-04T21:03:15.144+0000] {subprocess.py:93} INFO - 	==== local-ivy-cache: tried
[2025-06-04T21:03:15.144+0000] {subprocess.py:93} INFO - 
[2025-06-04T21:03:15.144+0000] {subprocess.py:93} INFO - 	  /home/***/.ivy2/local/org.jboss/jboss-parent/35/ivys/ivy.xml
[2025-06-04T21:03:15.145+0000] {subprocess.py:93} INFO - 
[2025-06-04T21:03:15.145+0000] {subprocess.py:93} INFO - 	  -- artifact org.jboss#jboss-parent;35!jboss-parent.jar:
[2025-06-04T21:03:15.145+0000] {subprocess.py:93} INFO - 
[2025-06-04T21:03:15.145+0000] {subprocess.py:93} INFO - 	  /home/***/.ivy2/local/org.jboss/jboss-parent/35/jars/jboss-parent.jar
[2025-06-04T21:03:15.145+0000] {subprocess.py:93} INFO - 
[2025-06-04T21:03:15.145+0000] {subprocess.py:93} INFO - 	==== central: tried
[2025-06-04T21:03:15.146+0000] {subprocess.py:93} INFO - 
[2025-06-04T21:03:15.146+0000] {subprocess.py:93} INFO - 	  https://repo1.maven.org/maven2/org/jboss/jboss-parent/35/jboss-parent-35.pom
[2025-06-04T21:03:15.146+0000] {subprocess.py:93} INFO - 
[2025-06-04T21:03:15.146+0000] {subprocess.py:93} INFO - 	==== spark-packages: tried
[2025-06-04T21:03:15.146+0000] {subprocess.py:93} INFO - 
[2025-06-04T21:03:15.146+0000] {subprocess.py:93} INFO - 	  https://repos.spark-packages.org/org/wildfly/openssl/wildfly-openssl/1.0.7.Final/wildfly-openssl-1.0.7.Final.pom
[2025-06-04T21:03:15.147+0000] {subprocess.py:93} INFO - 
[2025-06-04T21:03:15.147+0000] {subprocess.py:93} INFO - 	  -- artifact org.wildfly.openssl#wildfly-openssl;1.0.7.Final!wildfly-openssl.jar:
[2025-06-04T21:03:15.147+0000] {subprocess.py:93} INFO - 
[2025-06-04T21:03:15.147+0000] {subprocess.py:93} INFO - 	  https://repos.spark-packages.org/org/wildfly/openssl/wildfly-openssl/1.0.7.Final/wildfly-openssl-1.0.7.Final.jar
[2025-06-04T21:03:15.147+0000] {subprocess.py:93} INFO - 
[2025-06-04T21:03:15.147+0000] {subprocess.py:93} INFO - 		[FAILED     ] org.apache.hadoop#hadoop-client-api;3.3.4!hadoop-client-api.jar: Downloaded file size (0) doesn't match expected Content Length (19458635) for https://repo1.maven.org/maven2/org/apache/hadoop/hadoop-client-api/3.3.4/hadoop-client-api-3.3.4.jar. Please retry. (16656ms)
[2025-06-04T21:03:15.148+0000] {subprocess.py:93} INFO - 
[2025-06-04T21:03:15.148+0000] {subprocess.py:93} INFO - 		[FAILED     ] org.apache.hadoop#hadoop-client-api;3.3.4!hadoop-client-api.jar: Downloaded file size (0) doesn't match expected Content Length (19458635) for https://repo1.maven.org/maven2/org/apache/hadoop/hadoop-client-api/3.3.4/hadoop-client-api-3.3.4.jar. Please retry. (16656ms)
[2025-06-04T21:03:15.148+0000] {subprocess.py:93} INFO - 
[2025-06-04T21:03:15.148+0000] {subprocess.py:93} INFO - 	==== central: tried
[2025-06-04T21:03:15.148+0000] {subprocess.py:93} INFO - 
[2025-06-04T21:03:15.148+0000] {subprocess.py:93} INFO - 	  https://repo1.maven.org/maven2/org/apache/hadoop/hadoop-client-api/3.3.4/hadoop-client-api-3.3.4.jar
[2025-06-04T21:03:15.149+0000] {subprocess.py:93} INFO - 
[2025-06-04T21:03:15.149+0000] {subprocess.py:93} INFO - 		[FAILED     ] com.amazonaws#aws-java-sdk-bundle;1.12.262!aws-java-sdk-bundle.jar: Downloaded file size (0) doesn't match expected Content Length (280645251) for https://repo1.maven.org/maven2/com/amazonaws/aws-java-sdk-bundle/1.12.262/aws-java-sdk-bundle-1.12.262.jar. Please retry. (188118ms)
[2025-06-04T21:03:15.149+0000] {subprocess.py:93} INFO - 
[2025-06-04T21:03:15.149+0000] {subprocess.py:93} INFO - 		[FAILED     ] com.amazonaws#aws-java-sdk-bundle;1.12.262!aws-java-sdk-bundle.jar: Downloaded file size (0) doesn't match expected Content Length (280645251) for https://repo1.maven.org/maven2/com/amazonaws/aws-java-sdk-bundle/1.12.262/aws-java-sdk-bundle-1.12.262.jar. Please retry. (188118ms)
[2025-06-04T21:03:15.149+0000] {subprocess.py:93} INFO - 
[2025-06-04T21:03:15.149+0000] {subprocess.py:93} INFO - 	==== central: tried
[2025-06-04T21:03:15.150+0000] {subprocess.py:93} INFO - 
[2025-06-04T21:03:15.150+0000] {subprocess.py:93} INFO - 	  https://repo1.maven.org/maven2/com/amazonaws/aws-java-sdk-bundle/1.12.262/aws-java-sdk-bundle-1.12.262.jar
[2025-06-04T21:03:15.150+0000] {subprocess.py:93} INFO - 
[2025-06-04T21:03:15.150+0000] {subprocess.py:93} INFO - 		::::::::::::::::::::::::::::::::::::::::::::::
[2025-06-04T21:03:15.150+0000] {subprocess.py:93} INFO - 
[2025-06-04T21:03:15.150+0000] {subprocess.py:93} INFO - 		::          UNRESOLVED DEPENDENCIES         ::
[2025-06-04T21:03:15.151+0000] {subprocess.py:93} INFO - 
[2025-06-04T21:03:15.151+0000] {subprocess.py:93} INFO - 		::::::::::::::::::::::::::::::::::::::::::::::
[2025-06-04T21:03:15.151+0000] {subprocess.py:93} INFO - 
[2025-06-04T21:03:15.151+0000] {subprocess.py:93} INFO - 		:: com.google.code.findbugs#jsr305;3.0.0: not found
[2025-06-04T21:03:15.151+0000] {subprocess.py:93} INFO - 
[2025-06-04T21:03:15.151+0000] {subprocess.py:93} INFO - 		:: org.apache.commons#commons-pool2;2.11.1: not found
[2025-06-04T21:03:15.151+0000] {subprocess.py:93} INFO - 
[2025-06-04T21:03:15.152+0000] {subprocess.py:93} INFO - 		:: org.wildfly.openssl#wildfly-openssl;1.0.7.Final: not found
[2025-06-04T21:03:15.152+0000] {subprocess.py:93} INFO - 
[2025-06-04T21:03:15.152+0000] {subprocess.py:93} INFO - 		::::::::::::::::::::::::::::::::::::::::::::::
[2025-06-04T21:03:15.152+0000] {subprocess.py:93} INFO - 
[2025-06-04T21:03:15.152+0000] {subprocess.py:93} INFO - 
[2025-06-04T21:03:15.152+0000] {subprocess.py:93} INFO - 		::::::::::::::::::::::::::::::::::::::::::::::
[2025-06-04T21:03:15.153+0000] {subprocess.py:93} INFO - 
[2025-06-04T21:03:15.153+0000] {subprocess.py:93} INFO - 		::              FAILED DOWNLOADS            ::
[2025-06-04T21:03:15.153+0000] {subprocess.py:93} INFO - 
[2025-06-04T21:03:15.153+0000] {subprocess.py:93} INFO - 		:: ^ see resolution messages for details  ^ ::
[2025-06-04T21:03:15.153+0000] {subprocess.py:93} INFO - 
[2025-06-04T21:03:15.153+0000] {subprocess.py:93} INFO - 		::::::::::::::::::::::::::::::::::::::::::::::
[2025-06-04T21:03:15.154+0000] {subprocess.py:93} INFO - 
[2025-06-04T21:03:15.154+0000] {subprocess.py:93} INFO - 		:: org.apache.hadoop#hadoop-client-api;3.3.4!hadoop-client-api.jar
[2025-06-04T21:03:15.154+0000] {subprocess.py:93} INFO - 
[2025-06-04T21:03:15.154+0000] {subprocess.py:93} INFO - 		:: com.amazonaws#aws-java-sdk-bundle;1.12.262!aws-java-sdk-bundle.jar
[2025-06-04T21:03:15.154+0000] {subprocess.py:93} INFO - 
[2025-06-04T21:03:15.154+0000] {subprocess.py:93} INFO - 		::::::::::::::::::::::::::::::::::::::::::::::
[2025-06-04T21:03:15.155+0000] {subprocess.py:93} INFO - 
[2025-06-04T21:03:15.155+0000] {subprocess.py:93} INFO - 
[2025-06-04T21:03:15.155+0000] {subprocess.py:93} INFO - 
[2025-06-04T21:03:15.155+0000] {subprocess.py:93} INFO - :: USE VERBOSE OR DEBUG MESSAGE LEVEL FOR MORE DETAILS
[2025-06-04T21:03:15.155+0000] {subprocess.py:93} INFO - Exception in thread "main" java.lang.RuntimeException: [unresolved dependency: com.google.code.findbugs#jsr305;3.0.0: not found, unresolved dependency: org.apache.commons#commons-pool2;2.11.1: not found, unresolved dependency: org.wildfly.openssl#wildfly-openssl;1.0.7.Final: not found, download failed: org.apache.hadoop#hadoop-client-api;3.3.4!hadoop-client-api.jar, download failed: com.amazonaws#aws-java-sdk-bundle;1.12.262!aws-java-sdk-bundle.jar]
[2025-06-04T21:03:15.156+0000] {subprocess.py:93} INFO - 	at org.apache.spark.deploy.SparkSubmitUtils$.resolveMavenCoordinates(SparkSubmit.scala:1537)
[2025-06-04T21:03:15.156+0000] {subprocess.py:93} INFO - 	at org.apache.spark.util.DependencyUtils$.resolveMavenDependencies(DependencyUtils.scala:185)
[2025-06-04T21:03:15.156+0000] {subprocess.py:93} INFO - 	at org.apache.spark.deploy.SparkSubmit.prepareSubmitEnvironment(SparkSubmit.scala:334)
[2025-06-04T21:03:15.156+0000] {subprocess.py:93} INFO - 	at org.apache.spark.deploy.SparkSubmit.org$apache$spark$deploy$SparkSubmit$$runMain(SparkSubmit.scala:964)
[2025-06-04T21:03:15.156+0000] {subprocess.py:93} INFO - 	at org.apache.spark.deploy.SparkSubmit.doRunMain$1(SparkSubmit.scala:194)
[2025-06-04T21:03:15.156+0000] {subprocess.py:93} INFO - 	at org.apache.spark.deploy.SparkSubmit.submit(SparkSubmit.scala:217)
[2025-06-04T21:03:15.157+0000] {subprocess.py:93} INFO - 	at org.apache.spark.deploy.SparkSubmit.doSubmit(SparkSubmit.scala:91)
[2025-06-04T21:03:15.157+0000] {subprocess.py:93} INFO - 	at org.apache.spark.deploy.SparkSubmit$$anon$2.doSubmit(SparkSubmit.scala:1120)
[2025-06-04T21:03:15.157+0000] {subprocess.py:93} INFO - 	at org.apache.spark.deploy.SparkSubmit$.main(SparkSubmit.scala:1129)
[2025-06-04T21:03:15.157+0000] {subprocess.py:93} INFO - 	at org.apache.spark.deploy.SparkSubmit.main(SparkSubmit.scala)
[2025-06-04T21:03:15.182+0000] {subprocess.py:97} INFO - Command exited with return code 1
[2025-06-04T21:03:15.183+0000] {taskinstance.py:441} INFO - ::group::Post task execution logs
[2025-06-04T21:03:15.198+0000] {taskinstance.py:2905} ERROR - Task failed with exception
Traceback (most recent call last):
  File "/home/airflow/.local/lib/python3.9/site-packages/airflow/models/taskinstance.py", line 465, in _execute_task
    result = _execute_callable(context=context, **execute_callable_kwargs)
  File "/home/airflow/.local/lib/python3.9/site-packages/airflow/models/taskinstance.py", line 432, in _execute_callable
    return execute_callable(context=context, **execute_callable_kwargs)
  File "/home/airflow/.local/lib/python3.9/site-packages/airflow/models/baseoperator.py", line 401, in wrapper
    return func(self, *args, **kwargs)
  File "/home/airflow/.local/lib/python3.9/site-packages/airflow/operators/bash.py", line 243, in execute
    raise AirflowException(
airflow.exceptions.AirflowException: Bash command failed. The command returned a non-zero exit code 1.
[2025-06-04T21:03:15.202+0000] {taskinstance.py:1206} INFO - Marking task as FAILED. dag_id=daily_batch_processing, task_id=run_spark_daily_batch_job, run_id=manual__2025-06-04T20:58:55.212114+00:00, execution_date=20250604T205855, start_date=20250604T205855, end_date=20250604T210315
[2025-06-04T21:03:15.222+0000] {standard_task_runner.py:110} ERROR - Failed to execute job 9 for task run_spark_daily_batch_job (Bash command failed. The command returned a non-zero exit code 1.; 188)
[2025-06-04T21:03:15.259+0000] {local_task_job_runner.py:240} INFO - Task exited with return code 1
[2025-06-04T21:03:15.281+0000] {taskinstance.py:3503} INFO - 0 downstream tasks scheduled from follow-on schedule check
[2025-06-04T21:03:15.286+0000] {local_task_job_runner.py:222} INFO - ::endgroup::
