[2025-06-05T08:29:00.506+0000] {local_task_job_runner.py:120} INFO - ::group::Pre task execution logs
[2025-06-05T08:29:00.539+0000] {taskinstance.py:2076} INFO - Dependencies all met for dep_context=non-requeueable deps ti=<TaskInstance: daily_batch_processing.run_spark_daily_batch_job manual__2025-06-05T08:28:59.655665+00:00 [queued]>
[2025-06-05T08:29:00.548+0000] {taskinstance.py:2076} INFO - Dependencies all met for dep_context=requeueable deps ti=<TaskInstance: daily_batch_processing.run_spark_daily_batch_job manual__2025-06-05T08:28:59.655665+00:00 [queued]>
[2025-06-05T08:29:00.548+0000] {taskinstance.py:2306} INFO - Starting attempt 1 of 1
[2025-06-05T08:29:00.563+0000] {taskinstance.py:2330} INFO - Executing <Task(BashOperator): run_spark_daily_batch_job> on 2025-06-05 08:28:59.655665+00:00
[2025-06-05T08:29:00.571+0000] {standard_task_runner.py:63} INFO - Started process 230 to run task
[2025-06-05T08:29:00.575+0000] {standard_task_runner.py:90} INFO - Running: ['***', 'tasks', 'run', 'daily_batch_processing', 'run_spark_daily_batch_job', 'manual__2025-06-05T08:28:59.655665+00:00', '--job-id', '2', '--raw', '--subdir', 'DAGS_FOLDER/orchestrate_daily_data_refinement.py', '--cfg-path', '/tmp/tmp79s8sd58']
[2025-06-05T08:29:00.577+0000] {standard_task_runner.py:91} INFO - Job 2: Subtask run_spark_daily_batch_job
[2025-06-05T08:29:00.625+0000] {task_command.py:426} INFO - Running <TaskInstance: daily_batch_processing.run_spark_daily_batch_job manual__2025-06-05T08:28:59.655665+00:00 [running]> on host 688e5755b85e
[2025-06-05T08:29:00.736+0000] {taskinstance.py:2648} INFO - Exporting env vars: AIRFLOW_CTX_DAG_OWNER='***' AIRFLOW_CTX_DAG_ID='daily_batch_processing' AIRFLOW_CTX_TASK_ID='run_spark_daily_batch_job' AIRFLOW_CTX_EXECUTION_DATE='2025-06-05T08:28:59.655665+00:00' AIRFLOW_CTX_TRY_NUMBER='1' AIRFLOW_CTX_DAG_RUN_ID='manual__2025-06-05T08:28:59.655665+00:00'
[2025-06-05T08:29:00.736+0000] {taskinstance.py:430} INFO - ::endgroup::
[2025-06-05T08:29:00.775+0000] {subprocess.py:63} INFO - Tmp dir root location: /tmp
[2025-06-05T08:29:00.776+0000] {subprocess.py:75} INFO - Running command: ['/usr/bin/bash', '-c', '\n            set -e\n            /opt/spark/bin/spark-submit                 --master spark://spark-master:7077                 --conf spark.hadoop.fs.s3a.endpoint=http://minio:9000                 --conf spark.hadoop.fs.s3a.access.key=minioadmin                 --conf spark.hadoop.fs.s3a.secret.key=minioadmin                 --conf spark.hadoop.fs.s3a.path.style.access=true                 --conf spark.hadoop.fs.s3a.impl=org.apache.hadoop.fs.s3a.S3AFileSystem                 --packages org.apache.spark:spark-sql-kafka-0-10_2.12:3.5.0 \\ # Оставляем пакеты, которые не являются прямыми JAR-файлами\n                /opt/***/etl/batch/refine_and_backfill_iceberg.py \n        ']
[2025-06-05T08:29:00.790+0000] {subprocess.py:86} INFO - Output:
[2025-06-05T08:29:03.825+0000] {subprocess.py:93} INFO - :: loading settings :: url = jar:file:/opt/spark/jars/ivy-2.5.1.jar!/org/apache/ivy/core/settings/ivysettings.xml
[2025-06-05T08:29:03.951+0000] {subprocess.py:93} INFO - Ivy Default Cache set to: /home/***/.ivy2/cache
[2025-06-05T08:29:03.952+0000] {subprocess.py:93} INFO - The jars for the packages stored in: /home/***/.ivy2/jars
[2025-06-05T08:29:03.960+0000] {subprocess.py:93} INFO - org.apache.spark#spark-sql-kafka-0-10_2.12 added as a dependency
[2025-06-05T08:29:03.963+0000] {subprocess.py:93} INFO - :: resolving dependencies :: org.apache.spark#spark-submit-parent-a664764e-92a8-4958-8a08-7722a7436f51;1.0
[2025-06-05T08:29:03.964+0000] {subprocess.py:93} INFO - 	confs: [default]
[2025-06-05T08:29:06.900+0000] {subprocess.py:93} INFO - :: resolution report :: resolve 2938ms :: artifacts dl 0ms
[2025-06-05T08:29:06.901+0000] {subprocess.py:93} INFO - 	:: modules in use:
[2025-06-05T08:29:06.901+0000] {subprocess.py:93} INFO - 	---------------------------------------------------------------------
[2025-06-05T08:29:06.902+0000] {subprocess.py:93} INFO - 	|                  |            modules            ||   artifacts   |
[2025-06-05T08:29:06.902+0000] {subprocess.py:93} INFO - 	|       conf       | number| search|dwnlded|evicted|| number|dwnlded|
[2025-06-05T08:29:06.902+0000] {subprocess.py:93} INFO - 	---------------------------------------------------------------------
[2025-06-05T08:29:06.902+0000] {subprocess.py:93} INFO - 	|      default     |   1   |   0   |   0   |   0   ||   0   |   0   |
[2025-06-05T08:29:06.902+0000] {subprocess.py:93} INFO - 	---------------------------------------------------------------------
[2025-06-05T08:29:06.904+0000] {subprocess.py:93} INFO - 
[2025-06-05T08:29:06.904+0000] {subprocess.py:93} INFO - :: problems summary ::
[2025-06-05T08:29:06.905+0000] {subprocess.py:93} INFO - :::: WARNINGS
[2025-06-05T08:29:06.905+0000] {subprocess.py:93} INFO - 	problem while downloading module descriptor: https://repo1.maven.org/maven2/org/apache/spark/spark-sql-kafka-0-10_2.12/3.5.0/spark-sql-kafka-0-10_2.12-3.5.0.pom: impossible to move part file to definitive one: /home/***/.ivy2/cache/org.apache.spark/spark-sql-kafka-0-10_2.12/ivy-3.5.0.xml.original.part -> /home/***/.ivy2/cache/org.apache.spark/spark-sql-kafka-0-10_2.12/ivy-3.5.0.xml.original (207ms)
[2025-06-05T08:29:06.906+0000] {subprocess.py:93} INFO - 
[2025-06-05T08:29:06.906+0000] {subprocess.py:93} INFO - 		module not found: org.apache.spark#spark-sql-kafka-0-10_2.12;3.5.0
[2025-06-05T08:29:06.906+0000] {subprocess.py:93} INFO - 
[2025-06-05T08:29:06.907+0000] {subprocess.py:93} INFO - 	==== local-m2-cache: tried
[2025-06-05T08:29:06.907+0000] {subprocess.py:93} INFO - 
[2025-06-05T08:29:06.907+0000] {subprocess.py:93} INFO - 	  file:/home/***/.m2/repository/org/apache/spark/spark-sql-kafka-0-10_2.12/3.5.0/spark-sql-kafka-0-10_2.12-3.5.0.pom
[2025-06-05T08:29:06.908+0000] {subprocess.py:93} INFO - 
[2025-06-05T08:29:06.908+0000] {subprocess.py:93} INFO - 	  -- artifact org.apache.spark#spark-sql-kafka-0-10_2.12;3.5.0!spark-sql-kafka-0-10_2.12.jar:
[2025-06-05T08:29:06.908+0000] {subprocess.py:93} INFO - 
[2025-06-05T08:29:06.908+0000] {subprocess.py:93} INFO - 	  file:/home/***/.m2/repository/org/apache/spark/spark-sql-kafka-0-10_2.12/3.5.0/spark-sql-kafka-0-10_2.12-3.5.0.jar
[2025-06-05T08:29:06.909+0000] {subprocess.py:93} INFO - 
[2025-06-05T08:29:06.909+0000] {subprocess.py:93} INFO - 	==== local-ivy-cache: tried
[2025-06-05T08:29:06.909+0000] {subprocess.py:93} INFO - 
[2025-06-05T08:29:06.909+0000] {subprocess.py:93} INFO - 	  /home/***/.ivy2/local/org.apache.spark/spark-sql-kafka-0-10_2.12/3.5.0/ivys/ivy.xml
[2025-06-05T08:29:06.909+0000] {subprocess.py:93} INFO - 
[2025-06-05T08:29:06.909+0000] {subprocess.py:93} INFO - 	  -- artifact org.apache.spark#spark-sql-kafka-0-10_2.12;3.5.0!spark-sql-kafka-0-10_2.12.jar:
[2025-06-05T08:29:06.909+0000] {subprocess.py:93} INFO - 
[2025-06-05T08:29:06.909+0000] {subprocess.py:93} INFO - 	  /home/***/.ivy2/local/org.apache.spark/spark-sql-kafka-0-10_2.12/3.5.0/jars/spark-sql-kafka-0-10_2.12.jar
[2025-06-05T08:29:06.910+0000] {subprocess.py:93} INFO - 
[2025-06-05T08:29:06.910+0000] {subprocess.py:93} INFO - 	==== central: tried
[2025-06-05T08:29:06.910+0000] {subprocess.py:93} INFO - 
[2025-06-05T08:29:06.910+0000] {subprocess.py:93} INFO - 	  https://repo1.maven.org/maven2/org/apache/spark/spark-sql-kafka-0-10_2.12/3.5.0/spark-sql-kafka-0-10_2.12-3.5.0.pom
[2025-06-05T08:29:06.910+0000] {subprocess.py:93} INFO - 
[2025-06-05T08:29:06.910+0000] {subprocess.py:93} INFO - 	==== spark-packages: tried
[2025-06-05T08:29:06.910+0000] {subprocess.py:93} INFO - 
[2025-06-05T08:29:06.911+0000] {subprocess.py:93} INFO - 	  https://repos.spark-packages.org/org/apache/spark/spark-sql-kafka-0-10_2.12/3.5.0/spark-sql-kafka-0-10_2.12-3.5.0.pom
[2025-06-05T08:29:06.911+0000] {subprocess.py:93} INFO - 
[2025-06-05T08:29:06.911+0000] {subprocess.py:93} INFO - 	  -- artifact org.apache.spark#spark-sql-kafka-0-10_2.12;3.5.0!spark-sql-kafka-0-10_2.12.jar:
[2025-06-05T08:29:06.911+0000] {subprocess.py:93} INFO - 
[2025-06-05T08:29:06.911+0000] {subprocess.py:93} INFO - 	  https://repos.spark-packages.org/org/apache/spark/spark-sql-kafka-0-10_2.12/3.5.0/spark-sql-kafka-0-10_2.12-3.5.0.jar
[2025-06-05T08:29:06.911+0000] {subprocess.py:93} INFO - 
[2025-06-05T08:29:06.911+0000] {subprocess.py:93} INFO - 		::::::::::::::::::::::::::::::::::::::::::::::
[2025-06-05T08:29:06.911+0000] {subprocess.py:93} INFO - 
[2025-06-05T08:29:06.911+0000] {subprocess.py:93} INFO - 		::          UNRESOLVED DEPENDENCIES         ::
[2025-06-05T08:29:06.912+0000] {subprocess.py:93} INFO - 
[2025-06-05T08:29:06.912+0000] {subprocess.py:93} INFO - 		::::::::::::::::::::::::::::::::::::::::::::::
[2025-06-05T08:29:06.912+0000] {subprocess.py:93} INFO - 
[2025-06-05T08:29:06.912+0000] {subprocess.py:93} INFO - 		:: org.apache.spark#spark-sql-kafka-0-10_2.12;3.5.0: not found
[2025-06-05T08:29:06.912+0000] {subprocess.py:93} INFO - 
[2025-06-05T08:29:06.912+0000] {subprocess.py:93} INFO - 		::::::::::::::::::::::::::::::::::::::::::::::
[2025-06-05T08:29:06.912+0000] {subprocess.py:93} INFO - 
[2025-06-05T08:29:06.912+0000] {subprocess.py:93} INFO - 
[2025-06-05T08:29:06.913+0000] {subprocess.py:93} INFO - 
[2025-06-05T08:29:06.913+0000] {subprocess.py:93} INFO - :: USE VERBOSE OR DEBUG MESSAGE LEVEL FOR MORE DETAILS
[2025-06-05T08:29:06.913+0000] {subprocess.py:93} INFO - Exception in thread "main" java.lang.RuntimeException: [unresolved dependency: org.apache.spark#spark-sql-kafka-0-10_2.12;3.5.0: not found]
[2025-06-05T08:29:06.913+0000] {subprocess.py:93} INFO - 	at org.apache.spark.deploy.SparkSubmitUtils$.resolveMavenCoordinates(SparkSubmit.scala:1537)
[2025-06-05T08:29:06.913+0000] {subprocess.py:93} INFO - 	at org.apache.spark.util.DependencyUtils$.resolveMavenDependencies(DependencyUtils.scala:185)
[2025-06-05T08:29:06.913+0000] {subprocess.py:93} INFO - 	at org.apache.spark.deploy.SparkSubmit.prepareSubmitEnvironment(SparkSubmit.scala:334)
[2025-06-05T08:29:06.914+0000] {subprocess.py:93} INFO - 	at org.apache.spark.deploy.SparkSubmit.org$apache$spark$deploy$SparkSubmit$$runMain(SparkSubmit.scala:964)
[2025-06-05T08:29:06.914+0000] {subprocess.py:93} INFO - 	at org.apache.spark.deploy.SparkSubmit.doRunMain$1(SparkSubmit.scala:194)
[2025-06-05T08:29:06.914+0000] {subprocess.py:93} INFO - 	at org.apache.spark.deploy.SparkSubmit.submit(SparkSubmit.scala:217)
[2025-06-05T08:29:06.914+0000] {subprocess.py:93} INFO - 	at org.apache.spark.deploy.SparkSubmit.doSubmit(SparkSubmit.scala:91)
[2025-06-05T08:29:06.914+0000] {subprocess.py:93} INFO - 	at org.apache.spark.deploy.SparkSubmit$$anon$2.doSubmit(SparkSubmit.scala:1120)
[2025-06-05T08:29:06.915+0000] {subprocess.py:93} INFO - 	at org.apache.spark.deploy.SparkSubmit$.main(SparkSubmit.scala:1129)
[2025-06-05T08:29:06.915+0000] {subprocess.py:93} INFO - 	at org.apache.spark.deploy.SparkSubmit.main(SparkSubmit.scala)
[2025-06-05T08:29:06.936+0000] {subprocess.py:97} INFO - Command exited with return code 1
[2025-06-05T08:29:06.937+0000] {taskinstance.py:441} INFO - ::group::Post task execution logs
[2025-06-05T08:29:06.948+0000] {taskinstance.py:2905} ERROR - Task failed with exception
Traceback (most recent call last):
  File "/home/airflow/.local/lib/python3.9/site-packages/airflow/models/taskinstance.py", line 465, in _execute_task
    result = _execute_callable(context=context, **execute_callable_kwargs)
  File "/home/airflow/.local/lib/python3.9/site-packages/airflow/models/taskinstance.py", line 432, in _execute_callable
    return execute_callable(context=context, **execute_callable_kwargs)
  File "/home/airflow/.local/lib/python3.9/site-packages/airflow/models/baseoperator.py", line 401, in wrapper
    return func(self, *args, **kwargs)
  File "/home/airflow/.local/lib/python3.9/site-packages/airflow/operators/bash.py", line 243, in execute
    raise AirflowException(
airflow.exceptions.AirflowException: Bash command failed. The command returned a non-zero exit code 1.
[2025-06-05T08:29:06.952+0000] {taskinstance.py:1206} INFO - Marking task as FAILED. dag_id=daily_batch_processing, task_id=run_spark_daily_batch_job, run_id=manual__2025-06-05T08:28:59.655665+00:00, execution_date=20250605T082859, start_date=20250605T082900, end_date=20250605T082906
[2025-06-05T08:29:06.979+0000] {standard_task_runner.py:110} ERROR - Failed to execute job 2 for task run_spark_daily_batch_job (Bash command failed. The command returned a non-zero exit code 1.; 230)
[2025-06-05T08:29:07.004+0000] {local_task_job_runner.py:240} INFO - Task exited with return code 1
[2025-06-05T08:29:07.024+0000] {taskinstance.py:3503} INFO - 0 downstream tasks scheduled from follow-on schedule check
[2025-06-05T08:29:07.027+0000] {local_task_job_runner.py:222} INFO - ::endgroup::
