[2025-06-05T00:00:00.671+0000] {local_task_job_runner.py:120} INFO - ::group::Pre task execution logs
[2025-06-05T00:00:00.742+0000] {taskinstance.py:2076} INFO - Dependencies all met for dep_context=non-requeueable deps ti=<TaskInstance: daily_batch_processing.run_spark_daily_batch_job scheduled__2025-06-04T00:00:00+00:00 [queued]>
[2025-06-05T00:00:00.760+0000] {taskinstance.py:2076} INFO - Dependencies all met for dep_context=requeueable deps ti=<TaskInstance: daily_batch_processing.run_spark_daily_batch_job scheduled__2025-06-04T00:00:00+00:00 [queued]>
[2025-06-05T00:00:00.760+0000] {taskinstance.py:2306} INFO - Starting attempt 1 of 1
[2025-06-05T00:00:00.791+0000] {taskinstance.py:2330} INFO - Executing <Task(BashOperator): run_spark_daily_batch_job> on 2025-06-04 00:00:00+00:00
[2025-06-05T00:00:00.803+0000] {standard_task_runner.py:63} INFO - Started process 199 to run task
[2025-06-05T00:00:00.808+0000] {standard_task_runner.py:90} INFO - Running: ['***', 'tasks', 'run', 'daily_batch_processing', 'run_spark_daily_batch_job', 'scheduled__2025-06-04T00:00:00+00:00', '--job-id', '29', '--raw', '--subdir', 'DAGS_FOLDER/orchestrate_daily_data_refinement.py', '--cfg-path', '/tmp/tmp_vc3bv4a']
[2025-06-05T00:00:00.812+0000] {standard_task_runner.py:91} INFO - Job 29: Subtask run_spark_daily_batch_job
[2025-06-05T00:00:00.916+0000] {task_command.py:426} INFO - Running <TaskInstance: daily_batch_processing.run_spark_daily_batch_job scheduled__2025-06-04T00:00:00+00:00 [running]> on host d46ddfbbdeff
[2025-06-05T00:00:01.125+0000] {taskinstance.py:2648} INFO - Exporting env vars: AIRFLOW_CTX_DAG_OWNER='***' AIRFLOW_CTX_DAG_ID='daily_batch_processing' AIRFLOW_CTX_TASK_ID='run_spark_daily_batch_job' AIRFLOW_CTX_EXECUTION_DATE='2025-06-04T00:00:00+00:00' AIRFLOW_CTX_TRY_NUMBER='1' AIRFLOW_CTX_DAG_RUN_ID='scheduled__2025-06-04T00:00:00+00:00'
[2025-06-05T00:00:01.126+0000] {taskinstance.py:430} INFO - ::endgroup::
[2025-06-05T00:00:01.209+0000] {subprocess.py:63} INFO - Tmp dir root location: /tmp
[2025-06-05T00:00:01.210+0000] {subprocess.py:75} INFO - Running command: ['/usr/bin/bash', '-c', '\n            set -e\n            /opt/spark/bin/spark-submit                 --master spark://spark-master:7077                 --conf spark.hadoop.fs.s3a.endpoint=http://minio:9000                 --conf spark.hadoop.fs.s3a.access.key=minioadmin                 --conf spark.hadoop.fs.s3a.secret.key=minioadmin                 --conf spark.hadoop.fs.s3a.path.style.access=true                 --conf spark.hadoop.fs.s3a.impl=org.apache.hadoop.fs.s3a.S3AFileSystem                 --packages org.apache.spark:spark-sql-kafka-0-10_2.12:3.5.0 \\ # Оставляем пакеты, которые не являются прямыми JAR-файлами\n                /opt/***/etl/batch/refine_and_backfill_iceberg.py \n        ']
[2025-06-05T00:00:01.237+0000] {subprocess.py:86} INFO - Output:
[2025-06-05T00:00:05.064+0000] {subprocess.py:93} INFO - :: loading settings :: url = jar:file:/opt/spark/jars/ivy-2.5.1.jar!/org/apache/ivy/core/settings/ivysettings.xml
[2025-06-05T00:00:05.241+0000] {subprocess.py:93} INFO - Ivy Default Cache set to: /home/***/.ivy2/cache
[2025-06-05T00:00:05.243+0000] {subprocess.py:93} INFO - The jars for the packages stored in: /home/***/.ivy2/jars
[2025-06-05T00:00:05.253+0000] {subprocess.py:93} INFO - org.apache.spark#spark-sql-kafka-0-10_2.12 added as a dependency
[2025-06-05T00:00:05.255+0000] {subprocess.py:93} INFO - :: resolving dependencies :: org.apache.spark#spark-submit-parent-aed4bf70-8b8d-42bd-b354-e57f45e39b25;1.0
[2025-06-05T00:00:05.256+0000] {subprocess.py:93} INFO - 	confs: [default]
[2025-06-05T00:00:08.964+0000] {subprocess.py:93} INFO - 	found org.apache.spark#spark-sql-kafka-0-10_2.12;3.5.0 in central
[2025-06-05T00:00:09.575+0000] {subprocess.py:93} INFO - 	found org.apache.spark#spark-token-provider-kafka-0-10_2.12;3.5.0 in central
[2025-06-05T00:00:09.786+0000] {subprocess.py:93} INFO - 	found org.apache.kafka#kafka-clients;3.4.1 in central
[2025-06-05T00:00:09.984+0000] {subprocess.py:93} INFO - 	found org.lz4#lz4-java;1.8.0 in central
[2025-06-05T00:00:10.217+0000] {subprocess.py:93} INFO - 	found org.xerial.snappy#snappy-java;1.1.10.3 in central
[2025-06-05T00:00:10.911+0000] {subprocess.py:93} INFO - 	found org.slf4j#slf4j-api;2.0.7 in central
[2025-06-05T00:00:12.035+0000] {subprocess.py:93} INFO - 	found org.apache.hadoop#hadoop-client-runtime;3.3.4 in central
[2025-06-05T00:00:12.328+0000] {subprocess.py:93} INFO - 	found org.apache.hadoop#hadoop-client-api;3.3.4 in central
[2025-06-05T00:00:13.385+0000] {subprocess.py:93} INFO - 	found commons-logging#commons-logging;1.1.3 in central
[2025-06-05T00:00:13.562+0000] {subprocess.py:93} INFO - 	found com.google.code.findbugs#jsr305;3.0.0 in central
[2025-06-05T00:00:14.986+0000] {subprocess.py:93} INFO - 	found org.apache.commons#commons-pool2;2.11.1 in central
[2025-06-05T00:00:15.074+0000] {subprocess.py:93} INFO - downloading https://repo1.maven.org/maven2/org/apache/spark/spark-sql-kafka-0-10_2.12/3.5.0/spark-sql-kafka-0-10_2.12-3.5.0.jar ...
[2025-06-05T00:00:15.297+0000] {subprocess.py:93} INFO - 	[SUCCESSFUL ] org.apache.spark#spark-sql-kafka-0-10_2.12;3.5.0!spark-sql-kafka-0-10_2.12.jar (298ms)
[2025-06-05T00:00:15.373+0000] {subprocess.py:93} INFO - downloading https://repo1.maven.org/maven2/org/apache/spark/spark-token-provider-kafka-0-10_2.12/3.5.0/spark-token-provider-kafka-0-10_2.12-3.5.0.jar ...
[2025-06-05T00:00:15.457+0000] {subprocess.py:93} INFO - 	[SUCCESSFUL ] org.apache.spark#spark-token-provider-kafka-0-10_2.12;3.5.0!spark-token-provider-kafka-0-10_2.12.jar (158ms)
[2025-06-05T00:00:15.537+0000] {subprocess.py:93} INFO - downloading https://repo1.maven.org/maven2/org/apache/kafka/kafka-clients/3.4.1/kafka-clients-3.4.1.jar ...
[2025-06-05T00:00:16.298+0000] {subprocess.py:93} INFO - 	[SUCCESSFUL ] org.apache.kafka#kafka-clients;3.4.1!kafka-clients.jar (840ms)
[2025-06-05T00:00:16.374+0000] {subprocess.py:93} INFO - downloading https://repo1.maven.org/maven2/com/google/code/findbugs/jsr305/3.0.0/jsr305-3.0.0.jar ...
[2025-06-05T00:00:16.452+0000] {subprocess.py:93} INFO - 	[SUCCESSFUL ] com.google.code.findbugs#jsr305;3.0.0!jsr305.jar (153ms)
[2025-06-05T00:00:16.534+0000] {subprocess.py:93} INFO - downloading https://repo1.maven.org/maven2/org/apache/commons/commons-pool2/2.11.1/commons-pool2-2.11.1.jar ...
[2025-06-05T00:00:16.637+0000] {subprocess.py:93} INFO - 	[SUCCESSFUL ] org.apache.commons#commons-pool2;2.11.1!commons-pool2.jar (184ms)
[2025-06-05T00:00:16.712+0000] {subprocess.py:93} INFO - downloading https://repo1.maven.org/maven2/org/apache/hadoop/hadoop-client-runtime/3.3.4/hadoop-client-runtime-3.3.4.jar ...
[2025-06-05T00:00:21.971+0000] {subprocess.py:93} INFO - 	[SUCCESSFUL ] org.apache.hadoop#hadoop-client-runtime;3.3.4!hadoop-client-runtime.jar (5332ms)
[2025-06-05T00:00:22.048+0000] {subprocess.py:93} INFO - downloading https://repo1.maven.org/maven2/org/lz4/lz4-java/1.8.0/lz4-java-1.8.0.jar ...
[2025-06-05T00:00:22.255+0000] {subprocess.py:93} INFO - 	[SUCCESSFUL ] org.lz4#lz4-java;1.8.0!lz4-java.jar (282ms)
[2025-06-05T00:00:22.335+0000] {subprocess.py:93} INFO - downloading https://repo1.maven.org/maven2/org/xerial/snappy/snappy-java/1.1.10.3/snappy-java-1.1.10.3.jar ...
[2025-06-05T00:00:22.752+0000] {subprocess.py:93} INFO - 	[SUCCESSFUL ] org.xerial.snappy#snappy-java;1.1.10.3!snappy-java.jar(bundle) (495ms)
[2025-06-05T00:00:22.831+0000] {subprocess.py:93} INFO - downloading https://repo1.maven.org/maven2/org/slf4j/slf4j-api/2.0.7/slf4j-api-2.0.7.jar ...
[2025-06-05T00:00:22.915+0000] {subprocess.py:93} INFO - 	[SUCCESSFUL ] org.slf4j#slf4j-api;2.0.7!slf4j-api.jar (161ms)
[2025-06-05T00:00:22.994+0000] {subprocess.py:93} INFO - downloading https://repo1.maven.org/maven2/org/apache/hadoop/hadoop-client-api/3.3.4/hadoop-client-api-3.3.4.jar ...
[2025-06-05T00:00:26.636+0000] {subprocess.py:93} INFO - 	[SUCCESSFUL ] org.apache.hadoop#hadoop-client-api;3.3.4!hadoop-client-api.jar (3719ms)
[2025-06-05T00:00:26.721+0000] {subprocess.py:93} INFO - downloading https://repo1.maven.org/maven2/commons-logging/commons-logging/1.1.3/commons-logging-1.1.3.jar ...
[2025-06-05T00:00:26.806+0000] {subprocess.py:93} INFO - 	[SUCCESSFUL ] commons-logging#commons-logging;1.1.3!commons-logging.jar (169ms)
[2025-06-05T00:00:26.807+0000] {subprocess.py:93} INFO - :: resolution report :: resolve 9743ms :: artifacts dl 11808ms
[2025-06-05T00:00:26.808+0000] {subprocess.py:93} INFO - 	:: modules in use:
[2025-06-05T00:00:26.808+0000] {subprocess.py:93} INFO - 	com.google.code.findbugs#jsr305;3.0.0 from central in [default]
[2025-06-05T00:00:26.809+0000] {subprocess.py:93} INFO - 	commons-logging#commons-logging;1.1.3 from central in [default]
[2025-06-05T00:00:26.809+0000] {subprocess.py:93} INFO - 	org.apache.commons#commons-pool2;2.11.1 from central in [default]
[2025-06-05T00:00:26.809+0000] {subprocess.py:93} INFO - 	org.apache.hadoop#hadoop-client-api;3.3.4 from central in [default]
[2025-06-05T00:00:26.810+0000] {subprocess.py:93} INFO - 	org.apache.hadoop#hadoop-client-runtime;3.3.4 from central in [default]
[2025-06-05T00:00:26.810+0000] {subprocess.py:93} INFO - 	org.apache.kafka#kafka-clients;3.4.1 from central in [default]
[2025-06-05T00:00:26.811+0000] {subprocess.py:93} INFO - 	org.apache.spark#spark-sql-kafka-0-10_2.12;3.5.0 from central in [default]
[2025-06-05T00:00:26.811+0000] {subprocess.py:93} INFO - 	org.apache.spark#spark-token-provider-kafka-0-10_2.12;3.5.0 from central in [default]
[2025-06-05T00:00:26.812+0000] {subprocess.py:93} INFO - 	org.lz4#lz4-java;1.8.0 from central in [default]
[2025-06-05T00:00:26.812+0000] {subprocess.py:93} INFO - 	org.slf4j#slf4j-api;2.0.7 from central in [default]
[2025-06-05T00:00:26.813+0000] {subprocess.py:93} INFO - 	org.xerial.snappy#snappy-java;1.1.10.3 from central in [default]
[2025-06-05T00:00:26.813+0000] {subprocess.py:93} INFO - 	---------------------------------------------------------------------
[2025-06-05T00:00:26.814+0000] {subprocess.py:93} INFO - 	|                  |            modules            ||   artifacts   |
[2025-06-05T00:00:26.814+0000] {subprocess.py:93} INFO - 	|       conf       | number| search|dwnlded|evicted|| number|dwnlded|
[2025-06-05T00:00:26.815+0000] {subprocess.py:93} INFO - 	---------------------------------------------------------------------
[2025-06-05T00:00:26.815+0000] {subprocess.py:93} INFO - 	|      default     |   11  |   11  |   11  |   0   ||   11  |   11  |
[2025-06-05T00:00:26.816+0000] {subprocess.py:93} INFO - 	---------------------------------------------------------------------
[2025-06-05T00:00:26.817+0000] {subprocess.py:93} INFO - :: retrieving :: org.apache.spark#spark-submit-parent-aed4bf70-8b8d-42bd-b354-e57f45e39b25
[2025-06-05T00:00:26.818+0000] {subprocess.py:93} INFO - 	confs: [default]
[2025-06-05T00:00:26.991+0000] {subprocess.py:93} INFO - 	11 artifacts copied, 0 already retrieved (56767kB/174ms)
[2025-06-05T00:00:27.509+0000] {subprocess.py:93} INFO - 25/06/05 00:00:27 WARN NativeCodeLoader: Unable to load native-hadoop library for your platform... using builtin-java classes where applicable
[2025-06-05T00:00:27.850+0000] {subprocess.py:93} INFO - Exception in thread "main" org.apache.spark.SparkException: Failed to get main class in JAR with error 'File file:/tmp/***tmpj0tp5xal/ # does not exist'.  Please specify one with --class.
[2025-06-05T00:00:27.851+0000] {subprocess.py:93} INFO - 	at org.apache.spark.deploy.SparkSubmit.error(SparkSubmit.scala:1047)
[2025-06-05T00:00:27.851+0000] {subprocess.py:93} INFO - 	at org.apache.spark.deploy.SparkSubmit.prepareSubmitEnvironment(SparkSubmit.scala:528)
[2025-06-05T00:00:27.852+0000] {subprocess.py:93} INFO - 	at org.apache.spark.deploy.SparkSubmit.org$apache$spark$deploy$SparkSubmit$$runMain(SparkSubmit.scala:964)
[2025-06-05T00:00:27.852+0000] {subprocess.py:93} INFO - 	at org.apache.spark.deploy.SparkSubmit.doRunMain$1(SparkSubmit.scala:194)
[2025-06-05T00:00:27.852+0000] {subprocess.py:93} INFO - 	at org.apache.spark.deploy.SparkSubmit.submit(SparkSubmit.scala:217)
[2025-06-05T00:00:27.853+0000] {subprocess.py:93} INFO - 	at org.apache.spark.deploy.SparkSubmit.doSubmit(SparkSubmit.scala:91)
[2025-06-05T00:00:27.853+0000] {subprocess.py:93} INFO - 	at org.apache.spark.deploy.SparkSubmit$$anon$2.doSubmit(SparkSubmit.scala:1120)
[2025-06-05T00:00:27.853+0000] {subprocess.py:93} INFO - 	at org.apache.spark.deploy.SparkSubmit$.main(SparkSubmit.scala:1129)
[2025-06-05T00:00:27.854+0000] {subprocess.py:93} INFO - 	at org.apache.spark.deploy.SparkSubmit.main(SparkSubmit.scala)
[2025-06-05T00:00:27.957+0000] {subprocess.py:97} INFO - Command exited with return code 1
[2025-06-05T00:00:27.959+0000] {taskinstance.py:441} INFO - ::group::Post task execution logs
[2025-06-05T00:00:27.981+0000] {taskinstance.py:2905} ERROR - Task failed with exception
Traceback (most recent call last):
  File "/home/airflow/.local/lib/python3.9/site-packages/airflow/models/taskinstance.py", line 465, in _execute_task
    result = _execute_callable(context=context, **execute_callable_kwargs)
  File "/home/airflow/.local/lib/python3.9/site-packages/airflow/models/taskinstance.py", line 432, in _execute_callable
    return execute_callable(context=context, **execute_callable_kwargs)
  File "/home/airflow/.local/lib/python3.9/site-packages/airflow/models/baseoperator.py", line 401, in wrapper
    return func(self, *args, **kwargs)
  File "/home/airflow/.local/lib/python3.9/site-packages/airflow/operators/bash.py", line 243, in execute
    raise AirflowException(
airflow.exceptions.AirflowException: Bash command failed. The command returned a non-zero exit code 1.
[2025-06-05T00:00:27.990+0000] {taskinstance.py:1206} INFO - Marking task as FAILED. dag_id=daily_batch_processing, task_id=run_spark_daily_batch_job, run_id=scheduled__2025-06-04T00:00:00+00:00, execution_date=20250604T000000, start_date=20250605T000000, end_date=20250605T000027
[2025-06-05T00:00:28.032+0000] {standard_task_runner.py:110} ERROR - Failed to execute job 29 for task run_spark_daily_batch_job (Bash command failed. The command returned a non-zero exit code 1.; 199)
[2025-06-05T00:00:28.093+0000] {local_task_job_runner.py:240} INFO - Task exited with return code 1
[2025-06-05T00:00:28.125+0000] {taskinstance.py:3503} INFO - 0 downstream tasks scheduled from follow-on schedule check
[2025-06-05T00:00:28.130+0000] {local_task_job_runner.py:222} INFO - ::endgroup::
[2025-06-05T08:29:00.506+0000] {local_task_job_runner.py:120} INFO - ::group::Pre task execution logs
[2025-06-05T08:29:00.539+0000] {taskinstance.py:2076} INFO - Dependencies all met for dep_context=non-requeueable deps ti=<TaskInstance: daily_batch_processing.run_spark_daily_batch_job scheduled__2025-06-04T00:00:00+00:00 [queued]>
[2025-06-05T08:29:00.548+0000] {taskinstance.py:2076} INFO - Dependencies all met for dep_context=requeueable deps ti=<TaskInstance: daily_batch_processing.run_spark_daily_batch_job scheduled__2025-06-04T00:00:00+00:00 [queued]>
[2025-06-05T08:29:00.548+0000] {taskinstance.py:2306} INFO - Starting attempt 1 of 1
[2025-06-05T08:29:00.566+0000] {taskinstance.py:2330} INFO - Executing <Task(BashOperator): run_spark_daily_batch_job> on 2025-06-04 00:00:00+00:00
[2025-06-05T08:29:00.574+0000] {standard_task_runner.py:63} INFO - Started process 231 to run task
[2025-06-05T08:29:00.577+0000] {standard_task_runner.py:90} INFO - Running: ['***', 'tasks', 'run', 'daily_batch_processing', 'run_spark_daily_batch_job', 'scheduled__2025-06-04T00:00:00+00:00', '--job-id', '3', '--raw', '--subdir', 'DAGS_FOLDER/orchestrate_daily_data_refinement.py', '--cfg-path', '/tmp/tmpc1u_qm7l']
[2025-06-05T08:29:00.579+0000] {standard_task_runner.py:91} INFO - Job 3: Subtask run_spark_daily_batch_job
[2025-06-05T08:29:00.627+0000] {task_command.py:426} INFO - Running <TaskInstance: daily_batch_processing.run_spark_daily_batch_job scheduled__2025-06-04T00:00:00+00:00 [running]> on host 688e5755b85e
[2025-06-05T08:29:00.737+0000] {taskinstance.py:2648} INFO - Exporting env vars: AIRFLOW_CTX_DAG_OWNER='***' AIRFLOW_CTX_DAG_ID='daily_batch_processing' AIRFLOW_CTX_TASK_ID='run_spark_daily_batch_job' AIRFLOW_CTX_EXECUTION_DATE='2025-06-04T00:00:00+00:00' AIRFLOW_CTX_TRY_NUMBER='1' AIRFLOW_CTX_DAG_RUN_ID='scheduled__2025-06-04T00:00:00+00:00'
[2025-06-05T08:29:00.737+0000] {taskinstance.py:430} INFO - ::endgroup::
[2025-06-05T08:29:00.775+0000] {subprocess.py:63} INFO - Tmp dir root location: /tmp
[2025-06-05T08:29:00.776+0000] {subprocess.py:75} INFO - Running command: ['/usr/bin/bash', '-c', '\n            set -e\n            /opt/spark/bin/spark-submit                 --master spark://spark-master:7077                 --conf spark.hadoop.fs.s3a.endpoint=http://minio:9000                 --conf spark.hadoop.fs.s3a.access.key=minioadmin                 --conf spark.hadoop.fs.s3a.secret.key=minioadmin                 --conf spark.hadoop.fs.s3a.path.style.access=true                 --conf spark.hadoop.fs.s3a.impl=org.apache.hadoop.fs.s3a.S3AFileSystem                 --packages org.apache.spark:spark-sql-kafka-0-10_2.12:3.5.0 \\ # Оставляем пакеты, которые не являются прямыми JAR-файлами\n                /opt/***/etl/batch/refine_and_backfill_iceberg.py \n        ']
[2025-06-05T08:29:00.790+0000] {subprocess.py:86} INFO - Output:
[2025-06-05T08:29:03.829+0000] {subprocess.py:93} INFO - :: loading settings :: url = jar:file:/opt/spark/jars/ivy-2.5.1.jar!/org/apache/ivy/core/settings/ivysettings.xml
[2025-06-05T08:29:03.956+0000] {subprocess.py:93} INFO - Ivy Default Cache set to: /home/***/.ivy2/cache
[2025-06-05T08:29:03.956+0000] {subprocess.py:93} INFO - The jars for the packages stored in: /home/***/.ivy2/jars
[2025-06-05T08:29:03.965+0000] {subprocess.py:93} INFO - org.apache.spark#spark-sql-kafka-0-10_2.12 added as a dependency
[2025-06-05T08:29:03.967+0000] {subprocess.py:93} INFO - :: resolving dependencies :: org.apache.spark#spark-submit-parent-6dac2db7-840f-4ed3-a1a5-804014bd5787;1.0
[2025-06-05T08:29:03.968+0000] {subprocess.py:93} INFO - 	confs: [default]
[2025-06-05T08:29:06.891+0000] {subprocess.py:93} INFO - :: resolution report :: resolve 2923ms :: artifacts dl 0ms
[2025-06-05T08:29:06.891+0000] {subprocess.py:93} INFO - 	:: modules in use:
[2025-06-05T08:29:06.891+0000] {subprocess.py:93} INFO - 	---------------------------------------------------------------------
[2025-06-05T08:29:06.892+0000] {subprocess.py:93} INFO - 	|                  |            modules            ||   artifacts   |
[2025-06-05T08:29:06.892+0000] {subprocess.py:93} INFO - 	|       conf       | number| search|dwnlded|evicted|| number|dwnlded|
[2025-06-05T08:29:06.893+0000] {subprocess.py:93} INFO - 	---------------------------------------------------------------------
[2025-06-05T08:29:06.893+0000] {subprocess.py:93} INFO - 	|      default     |   1   |   0   |   0   |   0   ||   0   |   0   |
[2025-06-05T08:29:06.893+0000] {subprocess.py:93} INFO - 	---------------------------------------------------------------------
[2025-06-05T08:29:06.894+0000] {subprocess.py:93} INFO - 
[2025-06-05T08:29:06.894+0000] {subprocess.py:93} INFO - :: problems summary ::
[2025-06-05T08:29:06.894+0000] {subprocess.py:93} INFO - :::: WARNINGS
[2025-06-05T08:29:06.895+0000] {subprocess.py:93} INFO - 	io problem while parsing ivy file: https://repo1.maven.org/maven2/org/apache/spark/spark-sql-kafka-0-10_2.12/3.5.0/spark-sql-kafka-0-10_2.12-3.5.0.pom (java.io.FileNotFoundException: /home/***/.ivy2/cache/org.apache.spark/spark-sql-kafka-0-10_2.12/ivy-3.5.0.xml.original (No such file or directory))
[2025-06-05T08:29:06.895+0000] {subprocess.py:93} INFO - 
[2025-06-05T08:29:06.895+0000] {subprocess.py:93} INFO - 		module not found: org.apache.spark#spark-sql-kafka-0-10_2.12;3.5.0
[2025-06-05T08:29:06.895+0000] {subprocess.py:93} INFO - 
[2025-06-05T08:29:06.895+0000] {subprocess.py:93} INFO - 	==== local-m2-cache: tried
[2025-06-05T08:29:06.896+0000] {subprocess.py:93} INFO - 
[2025-06-05T08:29:06.896+0000] {subprocess.py:93} INFO - 	  file:/home/***/.m2/repository/org/apache/spark/spark-sql-kafka-0-10_2.12/3.5.0/spark-sql-kafka-0-10_2.12-3.5.0.pom
[2025-06-05T08:29:06.896+0000] {subprocess.py:93} INFO - 
[2025-06-05T08:29:06.896+0000] {subprocess.py:93} INFO - 	  -- artifact org.apache.spark#spark-sql-kafka-0-10_2.12;3.5.0!spark-sql-kafka-0-10_2.12.jar:
[2025-06-05T08:29:06.896+0000] {subprocess.py:93} INFO - 
[2025-06-05T08:29:06.897+0000] {subprocess.py:93} INFO - 	  file:/home/***/.m2/repository/org/apache/spark/spark-sql-kafka-0-10_2.12/3.5.0/spark-sql-kafka-0-10_2.12-3.5.0.jar
[2025-06-05T08:29:06.897+0000] {subprocess.py:93} INFO - 
[2025-06-05T08:29:06.897+0000] {subprocess.py:93} INFO - 	==== local-ivy-cache: tried
[2025-06-05T08:29:06.897+0000] {subprocess.py:93} INFO - 
[2025-06-05T08:29:06.897+0000] {subprocess.py:93} INFO - 	  /home/***/.ivy2/local/org.apache.spark/spark-sql-kafka-0-10_2.12/3.5.0/ivys/ivy.xml
[2025-06-05T08:29:06.897+0000] {subprocess.py:93} INFO - 
[2025-06-05T08:29:06.897+0000] {subprocess.py:93} INFO - 	  -- artifact org.apache.spark#spark-sql-kafka-0-10_2.12;3.5.0!spark-sql-kafka-0-10_2.12.jar:
[2025-06-05T08:29:06.897+0000] {subprocess.py:93} INFO - 
[2025-06-05T08:29:06.898+0000] {subprocess.py:93} INFO - 	  /home/***/.ivy2/local/org.apache.spark/spark-sql-kafka-0-10_2.12/3.5.0/jars/spark-sql-kafka-0-10_2.12.jar
[2025-06-05T08:29:06.898+0000] {subprocess.py:93} INFO - 
[2025-06-05T08:29:06.898+0000] {subprocess.py:93} INFO - 	==== central: tried
[2025-06-05T08:29:06.898+0000] {subprocess.py:93} INFO - 
[2025-06-05T08:29:06.898+0000] {subprocess.py:93} INFO - 	  https://repo1.maven.org/maven2/org/apache/spark/spark-sql-kafka-0-10_2.12/3.5.0/spark-sql-kafka-0-10_2.12-3.5.0.pom
[2025-06-05T08:29:06.898+0000] {subprocess.py:93} INFO - 
[2025-06-05T08:29:06.898+0000] {subprocess.py:93} INFO - 	==== spark-packages: tried
[2025-06-05T08:29:06.898+0000] {subprocess.py:93} INFO - 
[2025-06-05T08:29:06.898+0000] {subprocess.py:93} INFO - 	  https://repos.spark-packages.org/org/apache/spark/spark-sql-kafka-0-10_2.12/3.5.0/spark-sql-kafka-0-10_2.12-3.5.0.pom
[2025-06-05T08:29:06.899+0000] {subprocess.py:93} INFO - 
[2025-06-05T08:29:06.899+0000] {subprocess.py:93} INFO - 	  -- artifact org.apache.spark#spark-sql-kafka-0-10_2.12;3.5.0!spark-sql-kafka-0-10_2.12.jar:
[2025-06-05T08:29:06.899+0000] {subprocess.py:93} INFO - 
[2025-06-05T08:29:06.899+0000] {subprocess.py:93} INFO - 	  https://repos.spark-packages.org/org/apache/spark/spark-sql-kafka-0-10_2.12/3.5.0/spark-sql-kafka-0-10_2.12-3.5.0.jar
[2025-06-05T08:29:06.899+0000] {subprocess.py:93} INFO - 
[2025-06-05T08:29:06.899+0000] {subprocess.py:93} INFO - 		::::::::::::::::::::::::::::::::::::::::::::::
[2025-06-05T08:29:06.899+0000] {subprocess.py:93} INFO - 
[2025-06-05T08:29:06.900+0000] {subprocess.py:93} INFO - 		::          UNRESOLVED DEPENDENCIES         ::
[2025-06-05T08:29:06.900+0000] {subprocess.py:93} INFO - 
[2025-06-05T08:29:06.900+0000] {subprocess.py:93} INFO - 		::::::::::::::::::::::::::::::::::::::::::::::
[2025-06-05T08:29:06.900+0000] {subprocess.py:93} INFO - 
[2025-06-05T08:29:06.900+0000] {subprocess.py:93} INFO - 		:: org.apache.spark#spark-sql-kafka-0-10_2.12;3.5.0: not found
[2025-06-05T08:29:06.900+0000] {subprocess.py:93} INFO - 
[2025-06-05T08:29:06.900+0000] {subprocess.py:93} INFO - 		::::::::::::::::::::::::::::::::::::::::::::::
[2025-06-05T08:29:06.900+0000] {subprocess.py:93} INFO - 
[2025-06-05T08:29:06.900+0000] {subprocess.py:93} INFO - 
[2025-06-05T08:29:06.901+0000] {subprocess.py:93} INFO - 
[2025-06-05T08:29:06.901+0000] {subprocess.py:93} INFO - :: USE VERBOSE OR DEBUG MESSAGE LEVEL FOR MORE DETAILS
[2025-06-05T08:29:06.901+0000] {subprocess.py:93} INFO - Exception in thread "main" java.lang.RuntimeException: [unresolved dependency: org.apache.spark#spark-sql-kafka-0-10_2.12;3.5.0: not found]
[2025-06-05T08:29:06.901+0000] {subprocess.py:93} INFO - 	at org.apache.spark.deploy.SparkSubmitUtils$.resolveMavenCoordinates(SparkSubmit.scala:1537)
[2025-06-05T08:29:06.901+0000] {subprocess.py:93} INFO - 	at org.apache.spark.util.DependencyUtils$.resolveMavenDependencies(DependencyUtils.scala:185)
[2025-06-05T08:29:06.901+0000] {subprocess.py:93} INFO - 	at org.apache.spark.deploy.SparkSubmit.prepareSubmitEnvironment(SparkSubmit.scala:334)
[2025-06-05T08:29:06.901+0000] {subprocess.py:93} INFO - 	at org.apache.spark.deploy.SparkSubmit.org$apache$spark$deploy$SparkSubmit$$runMain(SparkSubmit.scala:964)
[2025-06-05T08:29:06.902+0000] {subprocess.py:93} INFO - 	at org.apache.spark.deploy.SparkSubmit.doRunMain$1(SparkSubmit.scala:194)
[2025-06-05T08:29:06.902+0000] {subprocess.py:93} INFO - 	at org.apache.spark.deploy.SparkSubmit.submit(SparkSubmit.scala:217)
[2025-06-05T08:29:06.902+0000] {subprocess.py:93} INFO - 	at org.apache.spark.deploy.SparkSubmit.doSubmit(SparkSubmit.scala:91)
[2025-06-05T08:29:06.902+0000] {subprocess.py:93} INFO - 	at org.apache.spark.deploy.SparkSubmit$$anon$2.doSubmit(SparkSubmit.scala:1120)
[2025-06-05T08:29:06.902+0000] {subprocess.py:93} INFO - 	at org.apache.spark.deploy.SparkSubmit$.main(SparkSubmit.scala:1129)
[2025-06-05T08:29:06.902+0000] {subprocess.py:93} INFO - 	at org.apache.spark.deploy.SparkSubmit.main(SparkSubmit.scala)
[2025-06-05T08:29:06.926+0000] {subprocess.py:97} INFO - Command exited with return code 1
[2025-06-05T08:29:06.926+0000] {taskinstance.py:441} INFO - ::group::Post task execution logs
[2025-06-05T08:29:06.937+0000] {taskinstance.py:2905} ERROR - Task failed with exception
Traceback (most recent call last):
  File "/home/airflow/.local/lib/python3.9/site-packages/airflow/models/taskinstance.py", line 465, in _execute_task
    result = _execute_callable(context=context, **execute_callable_kwargs)
  File "/home/airflow/.local/lib/python3.9/site-packages/airflow/models/taskinstance.py", line 432, in _execute_callable
    return execute_callable(context=context, **execute_callable_kwargs)
  File "/home/airflow/.local/lib/python3.9/site-packages/airflow/models/baseoperator.py", line 401, in wrapper
    return func(self, *args, **kwargs)
  File "/home/airflow/.local/lib/python3.9/site-packages/airflow/operators/bash.py", line 243, in execute
    raise AirflowException(
airflow.exceptions.AirflowException: Bash command failed. The command returned a non-zero exit code 1.
[2025-06-05T08:29:06.945+0000] {taskinstance.py:1206} INFO - Marking task as FAILED. dag_id=daily_batch_processing, task_id=run_spark_daily_batch_job, run_id=scheduled__2025-06-04T00:00:00+00:00, execution_date=20250604T000000, start_date=20250605T082900, end_date=20250605T082906
[2025-06-05T08:29:06.973+0000] {standard_task_runner.py:110} ERROR - Failed to execute job 3 for task run_spark_daily_batch_job (Bash command failed. The command returned a non-zero exit code 1.; 231)
[2025-06-05T08:29:07.000+0000] {local_task_job_runner.py:240} INFO - Task exited with return code 1
[2025-06-05T08:29:07.019+0000] {taskinstance.py:3503} INFO - 0 downstream tasks scheduled from follow-on schedule check
[2025-06-05T08:29:07.023+0000] {local_task_job_runner.py:222} INFO - ::endgroup::
[2025-06-05T09:22:48.937+0000] {local_task_job_runner.py:120} INFO - ::group::Pre task execution logs
[2025-06-05T09:22:48.982+0000] {taskinstance.py:2076} INFO - Dependencies all met for dep_context=non-requeueable deps ti=<TaskInstance: daily_batch_processing.run_spark_daily_batch_job scheduled__2025-06-04T00:00:00+00:00 [queued]>
[2025-06-05T09:22:48.995+0000] {taskinstance.py:2076} INFO - Dependencies all met for dep_context=requeueable deps ti=<TaskInstance: daily_batch_processing.run_spark_daily_batch_job scheduled__2025-06-04T00:00:00+00:00 [queued]>
[2025-06-05T09:22:48.996+0000] {taskinstance.py:2306} INFO - Starting attempt 1 of 1
[2025-06-05T09:22:49.027+0000] {taskinstance.py:2330} INFO - Executing <Task(BashOperator): run_spark_daily_batch_job> on 2025-06-04 00:00:00+00:00
[2025-06-05T09:22:49.034+0000] {standard_task_runner.py:63} INFO - Started process 361 to run task
[2025-06-05T09:22:49.037+0000] {standard_task_runner.py:90} INFO - Running: ['***', 'tasks', 'run', 'daily_batch_processing', 'run_spark_daily_batch_job', 'scheduled__2025-06-04T00:00:00+00:00', '--job-id', '6', '--raw', '--subdir', 'DAGS_FOLDER/orchestrate_daily_data_refinement.py', '--cfg-path', '/tmp/tmphchrb32g']
[2025-06-05T09:22:49.039+0000] {standard_task_runner.py:91} INFO - Job 6: Subtask run_spark_daily_batch_job
[2025-06-05T09:22:49.104+0000] {task_command.py:426} INFO - Running <TaskInstance: daily_batch_processing.run_spark_daily_batch_job scheduled__2025-06-04T00:00:00+00:00 [running]> on host 1155d5fd4caa
[2025-06-05T09:22:49.235+0000] {taskinstance.py:2648} INFO - Exporting env vars: AIRFLOW_CTX_DAG_OWNER='***' AIRFLOW_CTX_DAG_ID='daily_batch_processing' AIRFLOW_CTX_TASK_ID='run_spark_daily_batch_job' AIRFLOW_CTX_EXECUTION_DATE='2025-06-04T00:00:00+00:00' AIRFLOW_CTX_TRY_NUMBER='1' AIRFLOW_CTX_DAG_RUN_ID='scheduled__2025-06-04T00:00:00+00:00'
[2025-06-05T09:22:49.235+0000] {taskinstance.py:430} INFO - ::endgroup::
[2025-06-05T09:22:49.295+0000] {subprocess.py:63} INFO - Tmp dir root location: /tmp
[2025-06-05T09:22:49.295+0000] {subprocess.py:75} INFO - Running command: ['/usr/bin/bash', '-c', '\n            set -e\n            /opt/spark/bin/spark-submit                 --master spark://spark-master:7077                 --conf spark.hadoop.fs.s3a.endpoint=http://minio:9000                 --conf spark.hadoop.fs.s3a.access.key=minioadmin                 --conf spark.hadoop.fs.s3a.secret.key=minioadmin                 --conf spark.hadoop.fs.s3a.path.style.access=true                 --conf spark.hadoop.fs.s3a.impl=org.apache.hadoop.fs.s3a.S3AFileSystem                 --packages org.apache.spark:spark-sql-kafka-0-10_2.12:3.5.0 \\ # Оставляем пакеты, которые не являются прямыми JAR-файлами\n                /opt/***/etl/batch/refine_and_backfill_iceberg.py \n        ']
[2025-06-05T09:22:49.329+0000] {subprocess.py:86} INFO - Output:
[2025-06-05T09:22:53.823+0000] {subprocess.py:93} INFO - :: loading settings :: url = jar:file:/opt/spark/jars/ivy-2.5.1.jar!/org/apache/ivy/core/settings/ivysettings.xml
[2025-06-05T09:22:54.023+0000] {subprocess.py:93} INFO - Ivy Default Cache set to: /home/***/.ivy2/cache
[2025-06-05T09:22:54.023+0000] {subprocess.py:93} INFO - The jars for the packages stored in: /home/***/.ivy2/jars
[2025-06-05T09:22:54.033+0000] {subprocess.py:93} INFO - org.apache.spark#spark-sql-kafka-0-10_2.12 added as a dependency
[2025-06-05T09:22:54.036+0000] {subprocess.py:93} INFO - :: resolving dependencies :: org.apache.spark#spark-submit-parent-49a977de-fd25-4185-b2d2-810f4c2b88d1;1.0
[2025-06-05T09:22:54.041+0000] {subprocess.py:93} INFO - 	confs: [default]
[2025-06-05T09:22:57.033+0000] {subprocess.py:93} INFO - :: resolution report :: resolve 2997ms :: artifacts dl 0ms
[2025-06-05T09:22:57.034+0000] {subprocess.py:93} INFO - 	:: modules in use:
[2025-06-05T09:22:57.034+0000] {subprocess.py:93} INFO - 	---------------------------------------------------------------------
[2025-06-05T09:22:57.035+0000] {subprocess.py:93} INFO - 	|                  |            modules            ||   artifacts   |
[2025-06-05T09:22:57.036+0000] {subprocess.py:93} INFO - 	|       conf       | number| search|dwnlded|evicted|| number|dwnlded|
[2025-06-05T09:22:57.037+0000] {subprocess.py:93} INFO - 	---------------------------------------------------------------------
[2025-06-05T09:22:57.038+0000] {subprocess.py:93} INFO - 	|      default     |   1   |   0   |   0   |   0   ||   0   |   0   |
[2025-06-05T09:22:57.038+0000] {subprocess.py:93} INFO - 	---------------------------------------------------------------------
[2025-06-05T09:22:57.044+0000] {subprocess.py:93} INFO - 
[2025-06-05T09:22:57.045+0000] {subprocess.py:93} INFO - :: problems summary ::
[2025-06-05T09:22:57.045+0000] {subprocess.py:93} INFO - :::: WARNINGS
[2025-06-05T09:22:57.045+0000] {subprocess.py:93} INFO - 	problem while downloading module descriptor: https://repo1.maven.org/maven2/org/apache/spark/spark-sql-kafka-0-10_2.12/3.5.0/spark-sql-kafka-0-10_2.12-3.5.0.pom: Downloaded file size (0) doesn't match expected Content Length (14867) for https://repo1.maven.org/maven2/org/apache/spark/spark-sql-kafka-0-10_2.12/3.5.0/spark-sql-kafka-0-10_2.12-3.5.0.pom. Please retry. (207ms)
[2025-06-05T09:22:57.045+0000] {subprocess.py:93} INFO - 
[2025-06-05T09:22:57.045+0000] {subprocess.py:93} INFO - 		module not found: org.apache.spark#spark-sql-kafka-0-10_2.12;3.5.0
[2025-06-05T09:22:57.045+0000] {subprocess.py:93} INFO - 
[2025-06-05T09:22:57.045+0000] {subprocess.py:93} INFO - 	==== local-m2-cache: tried
[2025-06-05T09:22:57.045+0000] {subprocess.py:93} INFO - 
[2025-06-05T09:22:57.046+0000] {subprocess.py:93} INFO - 	  file:/home/***/.m2/repository/org/apache/spark/spark-sql-kafka-0-10_2.12/3.5.0/spark-sql-kafka-0-10_2.12-3.5.0.pom
[2025-06-05T09:22:57.046+0000] {subprocess.py:93} INFO - 
[2025-06-05T09:22:57.046+0000] {subprocess.py:93} INFO - 	  -- artifact org.apache.spark#spark-sql-kafka-0-10_2.12;3.5.0!spark-sql-kafka-0-10_2.12.jar:
[2025-06-05T09:22:57.046+0000] {subprocess.py:93} INFO - 
[2025-06-05T09:22:57.046+0000] {subprocess.py:93} INFO - 	  file:/home/***/.m2/repository/org/apache/spark/spark-sql-kafka-0-10_2.12/3.5.0/spark-sql-kafka-0-10_2.12-3.5.0.jar
[2025-06-05T09:22:57.046+0000] {subprocess.py:93} INFO - 
[2025-06-05T09:22:57.046+0000] {subprocess.py:93} INFO - 	==== local-ivy-cache: tried
[2025-06-05T09:22:57.046+0000] {subprocess.py:93} INFO - 
[2025-06-05T09:22:57.047+0000] {subprocess.py:93} INFO - 	  /home/***/.ivy2/local/org.apache.spark/spark-sql-kafka-0-10_2.12/3.5.0/ivys/ivy.xml
[2025-06-05T09:22:57.047+0000] {subprocess.py:93} INFO - 
[2025-06-05T09:22:57.047+0000] {subprocess.py:93} INFO - 	  -- artifact org.apache.spark#spark-sql-kafka-0-10_2.12;3.5.0!spark-sql-kafka-0-10_2.12.jar:
[2025-06-05T09:22:57.047+0000] {subprocess.py:93} INFO - 
[2025-06-05T09:22:57.047+0000] {subprocess.py:93} INFO - 	  /home/***/.ivy2/local/org.apache.spark/spark-sql-kafka-0-10_2.12/3.5.0/jars/spark-sql-kafka-0-10_2.12.jar
[2025-06-05T09:22:57.047+0000] {subprocess.py:93} INFO - 
[2025-06-05T09:22:57.047+0000] {subprocess.py:93} INFO - 	==== central: tried
[2025-06-05T09:22:57.047+0000] {subprocess.py:93} INFO - 
[2025-06-05T09:22:57.048+0000] {subprocess.py:93} INFO - 	  https://repo1.maven.org/maven2/org/apache/spark/spark-sql-kafka-0-10_2.12/3.5.0/spark-sql-kafka-0-10_2.12-3.5.0.pom
[2025-06-05T09:22:57.050+0000] {subprocess.py:93} INFO - 
[2025-06-05T09:22:57.051+0000] {subprocess.py:93} INFO - 	==== spark-packages: tried
[2025-06-05T09:22:57.051+0000] {subprocess.py:93} INFO - 
[2025-06-05T09:22:57.051+0000] {subprocess.py:93} INFO - 	  https://repos.spark-packages.org/org/apache/spark/spark-sql-kafka-0-10_2.12/3.5.0/spark-sql-kafka-0-10_2.12-3.5.0.pom
[2025-06-05T09:22:57.051+0000] {subprocess.py:93} INFO - 
[2025-06-05T09:22:57.051+0000] {subprocess.py:93} INFO - 	  -- artifact org.apache.spark#spark-sql-kafka-0-10_2.12;3.5.0!spark-sql-kafka-0-10_2.12.jar:
[2025-06-05T09:22:57.051+0000] {subprocess.py:93} INFO - 
[2025-06-05T09:22:57.052+0000] {subprocess.py:93} INFO - 	  https://repos.spark-packages.org/org/apache/spark/spark-sql-kafka-0-10_2.12/3.5.0/spark-sql-kafka-0-10_2.12-3.5.0.jar
[2025-06-05T09:22:57.052+0000] {subprocess.py:93} INFO - 
[2025-06-05T09:22:57.052+0000] {subprocess.py:93} INFO - 		::::::::::::::::::::::::::::::::::::::::::::::
[2025-06-05T09:22:57.052+0000] {subprocess.py:93} INFO - 
[2025-06-05T09:22:57.052+0000] {subprocess.py:93} INFO - 		::          UNRESOLVED DEPENDENCIES         ::
[2025-06-05T09:22:57.052+0000] {subprocess.py:93} INFO - 
[2025-06-05T09:22:57.052+0000] {subprocess.py:93} INFO - 		::::::::::::::::::::::::::::::::::::::::::::::
[2025-06-05T09:22:57.052+0000] {subprocess.py:93} INFO - 
[2025-06-05T09:22:57.052+0000] {subprocess.py:93} INFO - 		:: org.apache.spark#spark-sql-kafka-0-10_2.12;3.5.0: not found
[2025-06-05T09:22:57.053+0000] {subprocess.py:93} INFO - 
[2025-06-05T09:22:57.053+0000] {subprocess.py:93} INFO - 		::::::::::::::::::::::::::::::::::::::::::::::
[2025-06-05T09:22:57.053+0000] {subprocess.py:93} INFO - 
[2025-06-05T09:22:57.053+0000] {subprocess.py:93} INFO - 
[2025-06-05T09:22:57.053+0000] {subprocess.py:93} INFO - 
[2025-06-05T09:22:57.053+0000] {subprocess.py:93} INFO - :: USE VERBOSE OR DEBUG MESSAGE LEVEL FOR MORE DETAILS
[2025-06-05T09:22:57.053+0000] {subprocess.py:93} INFO - Exception in thread "main" java.lang.RuntimeException: [unresolved dependency: org.apache.spark#spark-sql-kafka-0-10_2.12;3.5.0: not found]
[2025-06-05T09:22:57.057+0000] {subprocess.py:93} INFO - 	at org.apache.spark.deploy.SparkSubmitUtils$.resolveMavenCoordinates(SparkSubmit.scala:1537)
[2025-06-05T09:22:57.057+0000] {subprocess.py:93} INFO - 	at org.apache.spark.util.DependencyUtils$.resolveMavenDependencies(DependencyUtils.scala:185)
[2025-06-05T09:22:57.057+0000] {subprocess.py:93} INFO - 	at org.apache.spark.deploy.SparkSubmit.prepareSubmitEnvironment(SparkSubmit.scala:334)
[2025-06-05T09:22:57.057+0000] {subprocess.py:93} INFO - 	at org.apache.spark.deploy.SparkSubmit.org$apache$spark$deploy$SparkSubmit$$runMain(SparkSubmit.scala:964)
[2025-06-05T09:22:57.057+0000] {subprocess.py:93} INFO - 	at org.apache.spark.deploy.SparkSubmit.doRunMain$1(SparkSubmit.scala:194)
[2025-06-05T09:22:57.057+0000] {subprocess.py:93} INFO - 	at org.apache.spark.deploy.SparkSubmit.submit(SparkSubmit.scala:217)
[2025-06-05T09:22:57.059+0000] {subprocess.py:93} INFO - 	at org.apache.spark.deploy.SparkSubmit.doSubmit(SparkSubmit.scala:91)
[2025-06-05T09:22:57.059+0000] {subprocess.py:93} INFO - 	at org.apache.spark.deploy.SparkSubmit$$anon$2.doSubmit(SparkSubmit.scala:1120)
[2025-06-05T09:22:57.059+0000] {subprocess.py:93} INFO - 	at org.apache.spark.deploy.SparkSubmit$.main(SparkSubmit.scala:1129)
[2025-06-05T09:22:57.059+0000] {subprocess.py:93} INFO - 	at org.apache.spark.deploy.SparkSubmit.main(SparkSubmit.scala)
[2025-06-05T09:22:57.089+0000] {subprocess.py:97} INFO - Command exited with return code 1
[2025-06-05T09:22:57.090+0000] {taskinstance.py:441} INFO - ::group::Post task execution logs
[2025-06-05T09:22:57.103+0000] {taskinstance.py:2905} ERROR - Task failed with exception
Traceback (most recent call last):
  File "/home/airflow/.local/lib/python3.9/site-packages/airflow/models/taskinstance.py", line 465, in _execute_task
    result = _execute_callable(context=context, **execute_callable_kwargs)
  File "/home/airflow/.local/lib/python3.9/site-packages/airflow/models/taskinstance.py", line 432, in _execute_callable
    return execute_callable(context=context, **execute_callable_kwargs)
  File "/home/airflow/.local/lib/python3.9/site-packages/airflow/models/baseoperator.py", line 401, in wrapper
    return func(self, *args, **kwargs)
  File "/home/airflow/.local/lib/python3.9/site-packages/airflow/operators/bash.py", line 243, in execute
    raise AirflowException(
airflow.exceptions.AirflowException: Bash command failed. The command returned a non-zero exit code 1.
[2025-06-05T09:22:57.110+0000] {taskinstance.py:1206} INFO - Marking task as FAILED. dag_id=daily_batch_processing, task_id=run_spark_daily_batch_job, run_id=scheduled__2025-06-04T00:00:00+00:00, execution_date=20250604T000000, start_date=20250605T092248, end_date=20250605T092257
[2025-06-05T09:22:57.136+0000] {standard_task_runner.py:110} ERROR - Failed to execute job 6 for task run_spark_daily_batch_job (Bash command failed. The command returned a non-zero exit code 1.; 361)
[2025-06-05T09:22:57.170+0000] {local_task_job_runner.py:240} INFO - Task exited with return code 1
[2025-06-05T09:22:57.188+0000] {taskinstance.py:3503} INFO - 0 downstream tasks scheduled from follow-on schedule check
[2025-06-05T09:22:57.196+0000] {local_task_job_runner.py:222} INFO - ::endgroup::
